{"C:\\Users\\selvakumar.rayappan\\Documents\\opsnext-crm\\apps\\api\\src\\leads\\leads.controller.ts": {"path":"C:\\Users\\selvakumar.rayappan\\Documents\\opsnext-crm\\apps\\api\\src\\leads\\leads.controller.ts","statementMap":{"0":{"start":{"line":1,"column":0},"end":{"line":1,"column":null}},"1":{"start":{"line":14,"column":0},"end":{"line":14,"column":null}},"2":{"start":{"line":25,"column":0},"end":{"line":25,"column":41}},"3":{"start":{"line":26,"column":0},"end":{"line":26,"column":44}},"4":{"start":{"line":27,"column":0},"end":{"line":27,"column":52}},"5":{"start":{"line":28,"column":0},"end":{"line":28,"column":74}},"6":{"start":{"line":29,"column":0},"end":{"line":29,"column":61}},"7":{"start":{"line":30,"column":0},"end":{"line":30,"column":62}},"8":{"start":{"line":31,"column":0},"end":{"line":31,"column":54}},"9":{"start":{"line":32,"column":0},"end":{"line":32,"column":54}},"10":{"start":{"line":33,"column":0},"end":{"line":33,"column":63}},"11":{"start":{"line":34,"column":0},"end":{"line":34,"column":56}},"12":{"start":{"line":43,"column":2},"end":{"line":43,"column":null}},"13":{"start":{"line":48,"column":2},"end":{"line":48,"column":null}},"14":{"start":{"line":47,"column":29},"end":{"line":47,"column":44}},"15":{"start":{"line":68,"column":7},"end":{"line":228,"column":null}},"16":{"start":{"line":69,"column":31},"end":{"line":69,"column":38}},"17":{"start":{"line":88,"column":4},"end":{"line":88,"column":70}},"18":{"start":{"line":103,"column":4},"end":{"line":103,"column":47}},"19":{"start":{"line":122,"column":4},"end":{"line":122,"column":56}},"20":{"start":{"line":143,"column":4},"end":{"line":143,"column":66}},"21":{"start":{"line":163,"column":4},"end":{"line":163,"column":60}},"22":{"start":{"line":184,"column":4},"end":{"line":184,"column":55}},"23":{"start":{"line":205,"column":4},"end":{"line":205,"column":74}},"24":{"start":{"line":226,"column":4},"end":{"line":226,"column":61}},"25":{"start":{"line":68,"column":13},"end":{"line":68,"column":28}},"26":{"start":{"line":84,"column":2},"end":{"line":89,"column":null}},"27":{"start":{"line":99,"column":2},"end":{"line":104,"column":null}},"28":{"start":{"line":118,"column":2},"end":{"line":123,"column":null}},"29":{"start":{"line":139,"column":2},"end":{"line":144,"column":null}},"30":{"start":{"line":158,"column":2},"end":{"line":164,"column":null}},"31":{"start":{"line":180,"column":2},"end":{"line":185,"column":null}},"32":{"start":{"line":200,"column":2},"end":{"line":206,"column":null}},"33":{"start":{"line":221,"column":2},"end":{"line":227,"column":null}},"34":{"start":{"line":68,"column":13},"end":{"line":228,"column":null}}},"fnMap":{"0":{"name":"(anonymous_4)","decl":{"start":{"line":47,"column":23},"end":{"line":47,"column":26}},"loc":{"start":{"line":47,"column":29},"end":{"line":47,"column":44}}},"1":{"name":"(anonymous_5)","decl":{"start":{"line":69,"column":2},"end":{"line":69,"column":31}},"loc":{"start":{"line":69,"column":50},"end":{"line":69,"column":54}}},"2":{"name":"(anonymous_6)","decl":{"start":{"line":84,"column":2},"end":{"line":84,"column":9}},"loc":{"start":{"line":86,"column":37},"end":{"line":89,"column":3}}},"3":{"name":"(anonymous_7)","decl":{"start":{"line":99,"column":2},"end":{"line":99,"column":9}},"loc":{"start":{"line":101,"column":36},"end":{"line":104,"column":3}}},"4":{"name":"(anonymous_8)","decl":{"start":{"line":118,"column":2},"end":{"line":118,"column":8}},"loc":{"start":{"line":120,"column":36},"end":{"line":123,"column":3}}},"5":{"name":"(anonymous_9)","decl":{"start":{"line":139,"column":2},"end":{"line":139,"column":12}},"loc":{"start":{"line":141,"column":36},"end":{"line":144,"column":3}}},"6":{"name":"(anonymous_10)","decl":{"start":{"line":158,"column":2},"end":{"line":158,"column":8}},"loc":{"start":{"line":161,"column":36},"end":{"line":164,"column":3}}},"7":{"name":"(anonymous_11)","decl":{"start":{"line":180,"column":2},"end":{"line":180,"column":8}},"loc":{"start":{"line":182,"column":36},"end":{"line":185,"column":3}}},"8":{"name":"(anonymous_12)","decl":{"start":{"line":200,"column":2},"end":{"line":200,"column":14}},"loc":{"start":{"line":203,"column":36},"end":{"line":206,"column":3}}},"9":{"name":"(anonymous_13)","decl":{"start":{"line":221,"column":2},"end":{"line":221,"column":9}},"loc":{"start":{"line":224,"column":36},"end":{"line":227,"column":3}}}},"branchMap":{},"s":{"0":0,"1":0,"2":0,"3":0,"4":0,"5":0,"6":0,"7":0,"8":0,"9":0,"10":0,"11":0,"12":0,"13":0,"14":0,"15":0,"16":0,"17":0,"18":0,"19":0,"20":0,"21":0,"22":0,"23":0,"24":0,"25":0,"26":0,"27":0,"28":0,"29":0,"30":0,"31":0,"32":0,"33":0,"34":0},"f":{"0":0,"1":0,"2":0,"3":0,"4":0,"5":0,"6":0,"7":0,"8":0,"9":0},"b":{}}
,"C:\\Users\\selvakumar.rayappan\\Documents\\opsnext-crm\\apps\\api\\src\\leads\\leads.module.ts": {"path":"C:\\Users\\selvakumar.rayappan\\Documents\\opsnext-crm\\apps\\api\\src\\leads\\leads.module.ts","statementMap":{"0":{"start":{"line":1,"column":0},"end":{"line":1,"column":40}},"1":{"start":{"line":2,"column":0},"end":{"line":2,"column":55}},"2":{"start":{"line":3,"column":0},"end":{"line":3,"column":52}},"3":{"start":{"line":4,"column":0},"end":{"line":4,"column":47}},"4":{"start":{"line":5,"column":0},"end":{"line":5,"column":53}},"5":{"start":{"line":13,"column":7},"end":{"line":13,"column":null}},"6":{"start":{"line":13,"column":13},"end":{"line":13,"column":24}},"7":{"start":{"line":13,"column":13},"end":{"line":13,"column":null}}},"fnMap":{},"branchMap":{},"s":{"0":0,"1":0,"2":0,"3":0,"4":0,"5":0,"6":0,"7":0},"f":{},"b":{}}
,"C:\\Users\\selvakumar.rayappan\\Documents\\opsnext-crm\\apps\\api\\src\\leads\\leads.service.ts": {"path":"C:\\Users\\selvakumar.rayappan\\Documents\\opsnext-crm\\apps\\api\\src\\leads\\leads.service.ts","statementMap":{"0":{"start":{"line":1,"column":0},"end":{"line":1,"column":null}},"1":{"start":{"line":6,"column":0},"end":{"line":6,"column":52}},"2":{"start":{"line":7,"column":0},"end":{"line":7,"column":39}},"3":{"start":{"line":8,"column":0},"end":{"line":8,"column":57}},"4":{"start":{"line":9,"column":0},"end":{"line":9,"column":54}},"5":{"start":{"line":60,"column":21},"end":{"line":62,"column":31}},"6":{"start":{"line":65,"column":7},"end":{"line":519,"column":null}},"7":{"start":{"line":67,"column":21},"end":{"line":67,"column":29}},"8":{"start":{"line":68,"column":21},"end":{"line":68,"column":28}},"9":{"start":{"line":85,"column":63},"end":{"line":85,"column":68}},"10":{"start":{"line":87,"column":41},"end":{"line":87,"column":66}},"11":{"start":{"line":90,"column":4},"end":{"line":94,"column":5}},"12":{"start":{"line":91,"column":6},"end":{"line":91,"column":29}},"13":{"start":{"line":92,"column":11},"end":{"line":94,"column":5}},"14":{"start":{"line":93,"column":6},"end":{"line":93,"column":30}},"15":{"start":{"line":96,"column":4},"end":{"line":98,"column":5}},"16":{"start":{"line":97,"column":6},"end":{"line":97,"column":28}},"17":{"start":{"line":100,"column":4},"end":{"line":108,"column":5}},"18":{"start":{"line":101,"column":19},"end":{"line":101,"column":27}},"19":{"start":{"line":102,"column":6},"end":{"line":107,"column":8}},"20":{"start":{"line":110,"column":57},"end":{"line":110,"column":76}},"21":{"start":{"line":112,"column":26},"end":{"line":121,"column":6}},"22":{"start":{"line":123,"column":4},"end":{"line":123,"column":59}},"23":{"start":{"line":131,"column":17},"end":{"line":134,"column":6}},"24":{"start":{"line":136,"column":4},"end":{"line":138,"column":5}},"25":{"start":{"line":137,"column":6},"end":{"line":137,"column":58}},"26":{"start":{"line":140,"column":4},"end":{"line":140,"column":27}},"27":{"start":{"line":149,"column":17},"end":{"line":164,"column":6}},"28":{"start":{"line":166,"column":4},"end":{"line":178,"column":7}},"29":{"start":{"line":180,"column":4},"end":{"line":180,"column":27}},"30":{"start":{"line":190,"column":21},"end":{"line":190,"column":51}},"31":{"start":{"line":192,"column":44},"end":{"line":202,"column":6}},"32":{"start":{"line":204,"column":17},"end":{"line":219,"column":6}},"33":{"start":{"line":221,"column":4},"end":{"line":239,"column":7}},"34":{"start":{"line":241,"column":4},"end":{"line":241,"column":27}},"35":{"start":{"line":249,"column":4},"end":{"line":249,"column":35}},"36":{"start":{"line":251,"column":4},"end":{"line":251,"column":53}},"37":{"start":{"line":253,"column":4},"end":{"line":259,"column":7}},"38":{"start":{"line":272,"column":4},"end":{"line":276,"column":5}},"39":{"start":{"line":273,"column":6},"end":{"line":275,"column":8}},"40":{"start":{"line":278,"column":21},"end":{"line":278,"column":51}},"41":{"start":{"line":280,"column":17},"end":{"line":284,"column":6}},"42":{"start":{"line":286,"column":4},"end":{"line":294,"column":7}},"43":{"start":{"line":296,"column":4},"end":{"line":296,"column":27}},"44":{"start":{"line":320,"column":25},"end":{"line":320,"column":55}},"45":{"start":{"line":322,"column":4},"end":{"line":324,"column":5}},"46":{"start":{"line":323,"column":6},"end":{"line":323,"column":77}},"47":{"start":{"line":326,"column":19},"end":{"line":411,"column":6}},"48":{"start":{"line":328,"column":22},"end":{"line":339,"column":8}},"49":{"start":{"line":344,"column":6},"end":{"line":388,"column":7}},"50":{"start":{"line":346,"column":25},"end":{"line":346,"column":39}},"51":{"start":{"line":348,"column":8},"end":{"line":359,"column":9}},"52":{"start":{"line":349,"column":34},"end":{"line":352,"column":12}},"53":{"start":{"line":353,"column":10},"end":{"line":357,"column":11}},"54":{"start":{"line":354,"column":12},"end":{"line":356,"column":14}},"55":{"start":{"line":358,"column":10},"end":{"line":358,"column":42}},"56":{"start":{"line":362,"column":27},"end":{"line":366,"column":10}},"57":{"start":{"line":368,"column":8},"end":{"line":372,"column":9}},"58":{"start":{"line":369,"column":10},"end":{"line":371,"column":12}},"59":{"start":{"line":374,"column":8},"end":{"line":387,"column":11}},"60":{"start":{"line":391,"column":26},"end":{"line":400,"column":8}},"61":{"start":{"line":402,"column":39},"end":{"line":402,"column":48}},"62":{"start":{"line":403,"column":6},"end":{"line":408,"column":7}},"63":{"start":{"line":404,"column":8},"end":{"line":407,"column":10}},"64":{"start":{"line":410,"column":6},"end":{"line":410,"column":91}},"65":{"start":{"line":413,"column":4},"end":{"line":423,"column":7}},"66":{"start":{"line":425,"column":4},"end":{"line":425,"column":18}},"67":{"start":{"line":438,"column":37},"end":{"line":438,"column":75}},"68":{"start":{"line":441,"column":26},"end":{"line":443,"column":38}},"69":{"start":{"line":442,"column":18},"end":{"line":442,"column":40}},"70":{"start":{"line":443,"column":34},"end":{"line":443,"column":37}},"71":{"start":{"line":445,"column":27},"end":{"line":445,"column":44}},"72":{"start":{"line":446,"column":4},"end":{"line":457,"column":5}},"73":{"start":{"line":447,"column":23},"end":{"line":453,"column":8}},"74":{"start":{"line":454,"column":6},"end":{"line":456,"column":9}},"75":{"start":{"line":455,"column":8},"end":{"line":455,"column":63}},"76":{"start":{"line":455,"column":21},"end":{"line":455,"column":63}},"77":{"start":{"line":460,"column":24},"end":{"line":460,"column":41}},"78":{"start":{"line":462,"column":4},"end":{"line":503,"column":5}},"79":{"start":{"line":462,"column":17},"end":{"line":462,"column":18}},"80":{"start":{"line":463,"column":18},"end":{"line":463,"column":26}},"81":{"start":{"line":465,"column":6},"end":{"line":468,"column":7}},"82":{"start":{"line":466,"column":8},"end":{"line":466,"column":88}},"83":{"start":{"line":467,"column":8},"end":{"line":467,"column":17}},"84":{"start":{"line":470,"column":30},"end":{"line":470,"column":54}},"85":{"start":{"line":472,"column":6},"end":{"line":478,"column":7}},"86":{"start":{"line":473,"column":8},"end":{"line":476,"column":9}},"87":{"start":{"line":474,"column":10},"end":{"line":474,"column":27}},"88":{"start":{"line":475,"column":10},"end":{"line":475,"column":19}},"89":{"start":{"line":477,"column":8},"end":{"line":477,"column":41}},"90":{"start":{"line":480,"column":6},"end":{"line":502,"column":7}},"91":{"start":{"line":481,"column":8},"end":{"line":495,"column":11}},"92":{"start":{"line":496,"column":8},"end":{"line":496,"column":25}},"93":{"start":{"line":498,"column":8},"end":{"line":501,"column":11}},"94":{"start":{"line":505,"column":4},"end":{"line":515,"column":7}},"95":{"start":{"line":517,"column":4},"end":{"line":517,"column":18}},"96":{"start":{"line":65,"column":13},"end":{"line":65,"column":25}},"97":{"start":{"line":65,"column":13},"end":{"line":519,"column":null}}},"fnMap":{"0":{"name":"(anonymous_2)","decl":{"start":{"line":66,"column":2},"end":{"line":66,"column":null}},"loc":{"start":{"line":68,"column":40},"end":{"line":69,"column":6}}},"1":{"name":"(anonymous_3)","decl":{"start":{"line":79,"column":2},"end":{"line":79,"column":7}},"loc":{"start":{"line":83,"column":18},"end":{"line":124,"column":3}}},"2":{"name":"(anonymous_4)","decl":{"start":{"line":130,"column":2},"end":{"line":130,"column":7}},"loc":{"start":{"line":130,"column":42},"end":{"line":141,"column":3}}},"3":{"name":"(anonymous_5)","decl":{"start":{"line":148,"column":2},"end":{"line":148,"column":7}},"loc":{"start":{"line":148,"column":65},"end":{"line":181,"column":3}}},"4":{"name":"(anonymous_6)","decl":{"start":{"line":184,"column":2},"end":{"line":184,"column":7}},"loc":{"start":{"line":188,"column":17},"end":{"line":242,"column":3}}},"5":{"name":"(anonymous_7)","decl":{"start":{"line":248,"column":2},"end":{"line":248,"column":7}},"loc":{"start":{"line":248,"column":57},"end":{"line":260,"column":3}}},"6":{"name":"(anonymous_8)","decl":{"start":{"line":266,"column":2},"end":{"line":266,"column":7}},"loc":{"start":{"line":270,"column":17},"end":{"line":297,"column":3}}},"7":{"name":"(anonymous_9)","decl":{"start":{"line":310,"column":2},"end":{"line":310,"column":7}},"loc":{"start":{"line":314,"column":17},"end":{"line":426,"column":3}}},"8":{"name":"(anonymous_10)","decl":{"start":{"line":326,"column":50},"end":{"line":326,"column":55}},"loc":{"start":{"line":326,"column":63},"end":{"line":411,"column":5}}},"9":{"name":"(anonymous_11)","decl":{"start":{"line":433,"column":2},"end":{"line":433,"column":7}},"loc":{"start":{"line":436,"column":17},"end":{"line":518,"column":3}}},"10":{"name":"(anonymous_12)","decl":{"start":{"line":442,"column":11},"end":{"line":442,"column":12}},"loc":{"start":{"line":442,"column":18},"end":{"line":442,"column":40}}},"11":{"name":"(anonymous_13)","decl":{"start":{"line":443,"column":14},"end":{"line":443,"column":15}},"loc":{"start":{"line":443,"column":34},"end":{"line":443,"column":37}}},"12":{"name":"(anonymous_14)","decl":{"start":{"line":454,"column":23},"end":{"line":454,"column":24}},"loc":{"start":{"line":454,"column":29},"end":{"line":456,"column":7}}}},"branchMap":{"0":{"loc":{"start":{"line":90,"column":4},"end":{"line":94,"column":5}},"type":"if","locations":[{"start":{"line":90,"column":4},"end":{"line":94,"column":5}},{"start":{"line":92,"column":11},"end":{"line":94,"column":5}}]},"1":{"loc":{"start":{"line":92,"column":11},"end":{"line":94,"column":5}},"type":"if","locations":[{"start":{"line":92,"column":11},"end":{"line":94,"column":5}}]},"2":{"loc":{"start":{"line":96,"column":4},"end":{"line":98,"column":5}},"type":"if","locations":[{"start":{"line":96,"column":4},"end":{"line":98,"column":5}}]},"3":{"loc":{"start":{"line":100,"column":4},"end":{"line":108,"column":5}},"type":"if","locations":[{"start":{"line":100,"column":4},"end":{"line":108,"column":5}}]},"4":{"loc":{"start":{"line":100,"column":8},"end":{"line":100,"column":32}},"type":"binary-expr","locations":[{"start":{"line":100,"column":8},"end":{"line":100,"column":9}},{"start":{"line":100,"column":13},"end":{"line":100,"column":32}}]},"5":{"loc":{"start":{"line":136,"column":4},"end":{"line":138,"column":5}},"type":"if","locations":[{"start":{"line":136,"column":4},"end":{"line":138,"column":5}}]},"6":{"loc":{"start":{"line":154,"column":15},"end":{"line":154,"column":32}},"type":"binary-expr","locations":[{"start":{"line":154,"column":15},"end":{"line":154,"column":24}},{"start":{"line":154,"column":28},"end":{"line":154,"column":32}}]},"7":{"loc":{"start":{"line":155,"column":15},"end":{"line":155,"column":32}},"type":"binary-expr","locations":[{"start":{"line":155,"column":15},"end":{"line":155,"column":24}},{"start":{"line":155,"column":28},"end":{"line":155,"column":32}}]},"8":{"loc":{"start":{"line":156,"column":17},"end":{"line":156,"column":36}},"type":"binary-expr","locations":[{"start":{"line":156,"column":17},"end":{"line":156,"column":28}},{"start":{"line":156,"column":32},"end":{"line":156,"column":36}}]},"9":{"loc":{"start":{"line":157,"column":16},"end":{"line":157,"column":34}},"type":"binary-expr","locations":[{"start":{"line":157,"column":16},"end":{"line":157,"column":26}},{"start":{"line":157,"column":30},"end":{"line":157,"column":34}}]},"10":{"loc":{"start":{"line":158,"column":16},"end":{"line":158,"column":44}},"type":"binary-expr","locations":[{"start":{"line":158,"column":16},"end":{"line":158,"column":26}},{"start":{"line":158,"column":30},"end":{"line":158,"column":44}}]},"11":{"loc":{"start":{"line":159,"column":15},"end":{"line":159,"column":29}},"type":"binary-expr","locations":[{"start":{"line":159,"column":15},"end":{"line":159,"column":24}},{"start":{"line":159,"column":28},"end":{"line":159,"column":29}}]},"12":{"loc":{"start":{"line":160,"column":17},"end":{"line":160,"column":36}},"type":"binary-expr","locations":[{"start":{"line":160,"column":17},"end":{"line":160,"column":28}},{"start":{"line":160,"column":32},"end":{"line":160,"column":36}}]},"13":{"loc":{"start":{"line":161,"column":15},"end":{"line":161,"column":32}},"type":"binary-expr","locations":[{"start":{"line":161,"column":15},"end":{"line":161,"column":24}},{"start":{"line":161,"column":28},"end":{"line":161,"column":32}}]},"14":{"loc":{"start":{"line":207,"column":12},"end":{"line":207,"column":71}},"type":"binary-expr","locations":[{"start":{"line":207,"column":12},"end":{"line":207,"column":39}},{"start":{"line":207,"column":43},"end":{"line":207,"column":71}}]},"15":{"loc":{"start":{"line":208,"column":12},"end":{"line":208,"column":68}},"type":"binary-expr","locations":[{"start":{"line":208,"column":12},"end":{"line":208,"column":38}},{"start":{"line":208,"column":42},"end":{"line":208,"column":68}}]},"16":{"loc":{"start":{"line":209,"column":12},"end":{"line":209,"column":59}},"type":"binary-expr","locations":[{"start":{"line":209,"column":12},"end":{"line":209,"column":35}},{"start":{"line":209,"column":39},"end":{"line":209,"column":59}}]},"17":{"loc":{"start":{"line":210,"column":12},"end":{"line":210,"column":59}},"type":"binary-expr","locations":[{"start":{"line":210,"column":12},"end":{"line":210,"column":35}},{"start":{"line":210,"column":39},"end":{"line":210,"column":59}}]},"18":{"loc":{"start":{"line":211,"column":12},"end":{"line":211,"column":65}},"type":"binary-expr","locations":[{"start":{"line":211,"column":12},"end":{"line":211,"column":37}},{"start":{"line":211,"column":41},"end":{"line":211,"column":65}}]},"19":{"loc":{"start":{"line":212,"column":12},"end":{"line":212,"column":62}},"type":"binary-expr","locations":[{"start":{"line":212,"column":12},"end":{"line":212,"column":36}},{"start":{"line":212,"column":40},"end":{"line":212,"column":62}}]},"20":{"loc":{"start":{"line":213,"column":12},"end":{"line":213,"column":62}},"type":"binary-expr","locations":[{"start":{"line":213,"column":12},"end":{"line":213,"column":36}},{"start":{"line":213,"column":40},"end":{"line":213,"column":62}}]},"21":{"loc":{"start":{"line":214,"column":12},"end":{"line":214,"column":59}},"type":"binary-expr","locations":[{"start":{"line":214,"column":12},"end":{"line":214,"column":35}},{"start":{"line":214,"column":39},"end":{"line":214,"column":59}}]},"22":{"loc":{"start":{"line":215,"column":12},"end":{"line":215,"column":65}},"type":"binary-expr","locations":[{"start":{"line":215,"column":12},"end":{"line":215,"column":37}},{"start":{"line":215,"column":41},"end":{"line":215,"column":65}}]},"23":{"loc":{"start":{"line":216,"column":12},"end":{"line":216,"column":59}},"type":"binary-expr","locations":[{"start":{"line":216,"column":12},"end":{"line":216,"column":35}},{"start":{"line":216,"column":39},"end":{"line":216,"column":59}}]},"24":{"loc":{"start":{"line":272,"column":4},"end":{"line":276,"column":5}},"type":"if","locations":[{"start":{"line":272,"column":4},"end":{"line":276,"column":5}}]},"25":{"loc":{"start":{"line":322,"column":4},"end":{"line":324,"column":5}},"type":"if","locations":[{"start":{"line":322,"column":4},"end":{"line":324,"column":5}}]},"26":{"loc":{"start":{"line":333,"column":17},"end":{"line":333,"column":43}},"type":"binary-expr","locations":[{"start":{"line":333,"column":17},"end":{"line":333,"column":35}},{"start":{"line":333,"column":39},"end":{"line":333,"column":43}}]},"27":{"loc":{"start":{"line":334,"column":17},"end":{"line":334,"column":43}},"type":"binary-expr","locations":[{"start":{"line":334,"column":17},"end":{"line":334,"column":35}},{"start":{"line":334,"column":39},"end":{"line":334,"column":43}}]},"28":{"loc":{"start":{"line":335,"column":17},"end":{"line":335,"column":45}},"type":"binary-expr","locations":[{"start":{"line":335,"column":17},"end":{"line":335,"column":37}},{"start":{"line":335,"column":41},"end":{"line":335,"column":45}}]},"29":{"loc":{"start":{"line":336,"column":18},"end":{"line":336,"column":45}},"type":"binary-expr","locations":[{"start":{"line":336,"column":18},"end":{"line":336,"column":37}},{"start":{"line":336,"column":41},"end":{"line":336,"column":45}}]},"30":{"loc":{"start":{"line":337,"column":19},"end":{"line":337,"column":47}},"type":"binary-expr","locations":[{"start":{"line":337,"column":19},"end":{"line":337,"column":39}},{"start":{"line":337,"column":43},"end":{"line":337,"column":47}}]},"31":{"loc":{"start":{"line":344,"column":6},"end":{"line":388,"column":7}},"type":"if","locations":[{"start":{"line":344,"column":6},"end":{"line":388,"column":7}}]},"32":{"loc":{"start":{"line":348,"column":8},"end":{"line":359,"column":9}},"type":"if","locations":[{"start":{"line":348,"column":8},"end":{"line":359,"column":9}}]},"33":{"loc":{"start":{"line":353,"column":10},"end":{"line":357,"column":11}},"type":"if","locations":[{"start":{"line":353,"column":10},"end":{"line":357,"column":11}}]},"34":{"loc":{"start":{"line":368,"column":8},"end":{"line":372,"column":9}},"type":"if","locations":[{"start":{"line":368,"column":8},"end":{"line":372,"column":9}}]},"35":{"loc":{"start":{"line":377,"column":18},"end":{"line":377,"column":94}},"type":"binary-expr","locations":[{"start":{"line":377,"column":18},"end":{"line":377,"column":38}},{"start":{"line":377,"column":42},"end":{"line":377,"column":94}}]},"36":{"loc":{"start":{"line":381,"column":21},"end":{"line":381,"column":49}},"type":"binary-expr","locations":[{"start":{"line":381,"column":21},"end":{"line":381,"column":41}},{"start":{"line":381,"column":45},"end":{"line":381,"column":49}}]},"37":{"loc":{"start":{"line":384,"column":20},"end":{"line":384,"column":90}},"type":"cond-expr","locations":[{"start":{"line":384,"column":47},"end":{"line":384,"column":83}},{"start":{"line":384,"column":86},"end":{"line":384,"column":90}}]},"38":{"loc":{"start":{"line":397,"column":34},"end":{"line":397,"column":57}},"type":"binary-expr","locations":[{"start":{"line":397,"column":34},"end":{"line":397,"column":49}},{"start":{"line":397,"column":53},"end":{"line":397,"column":57}}]},"39":{"loc":{"start":{"line":403,"column":6},"end":{"line":408,"column":7}},"type":"if","locations":[{"start":{"line":403,"column":6},"end":{"line":408,"column":7}}]},"40":{"loc":{"start":{"line":406,"column":18},"end":{"line":406,"column":87}},"type":"cond-expr","locations":[{"start":{"line":406,"column":48},"end":{"line":406,"column":80}},{"start":{"line":406,"column":83},"end":{"line":406,"column":87}}]},"41":{"loc":{"start":{"line":421,"column":32},"end":{"line":421,"column":62}},"type":"binary-expr","locations":[{"start":{"line":421,"column":32},"end":{"line":421,"column":54}},{"start":{"line":421,"column":58},"end":{"line":421,"column":62}}]},"42":{"loc":{"start":{"line":446,"column":4},"end":{"line":457,"column":5}},"type":"if","locations":[{"start":{"line":446,"column":4},"end":{"line":457,"column":5}}]},"43":{"loc":{"start":{"line":455,"column":8},"end":{"line":455,"column":63}},"type":"if","locations":[{"start":{"line":455,"column":8},"end":{"line":455,"column":63}}]},"44":{"loc":{"start":{"line":465,"column":6},"end":{"line":468,"column":7}},"type":"if","locations":[{"start":{"line":465,"column":6},"end":{"line":468,"column":7}}]},"45":{"loc":{"start":{"line":465,"column":10},"end":{"line":465,"column":57}},"type":"binary-expr","locations":[{"start":{"line":465,"column":10},"end":{"line":465,"column":32}},{"start":{"line":465,"column":36},"end":{"line":465,"column":57}}]},"46":{"loc":{"start":{"line":472,"column":6},"end":{"line":478,"column":7}},"type":"if","locations":[{"start":{"line":472,"column":6},"end":{"line":478,"column":7}}]},"47":{"loc":{"start":{"line":473,"column":8},"end":{"line":476,"column":9}},"type":"if","locations":[{"start":{"line":473,"column":8},"end":{"line":476,"column":9}}]},"48":{"loc":{"start":{"line":473,"column":12},"end":{"line":473,"column":83}},"type":"binary-expr","locations":[{"start":{"line":473,"column":12},"end":{"line":473,"column":47}},{"start":{"line":473,"column":51},"end":{"line":473,"column":83}}]},"49":{"loc":{"start":{"line":486,"column":19},"end":{"line":486,"column":42}},"type":"binary-expr","locations":[{"start":{"line":486,"column":19},"end":{"line":486,"column":34}},{"start":{"line":486,"column":38},"end":{"line":486,"column":42}}]},"50":{"loc":{"start":{"line":487,"column":19},"end":{"line":487,"column":36}},"type":"binary-expr","locations":[{"start":{"line":487,"column":19},"end":{"line":487,"column":28}},{"start":{"line":487,"column":32},"end":{"line":487,"column":36}}]},"51":{"loc":{"start":{"line":488,"column":21},"end":{"line":488,"column":40}},"type":"binary-expr","locations":[{"start":{"line":488,"column":21},"end":{"line":488,"column":32}},{"start":{"line":488,"column":36},"end":{"line":488,"column":40}}]},"52":{"loc":{"start":{"line":489,"column":20},"end":{"line":489,"column":38}},"type":"binary-expr","locations":[{"start":{"line":489,"column":20},"end":{"line":489,"column":30}},{"start":{"line":489,"column":34},"end":{"line":489,"column":38}}]},"53":{"loc":{"start":{"line":490,"column":19},"end":{"line":490,"column":33}},"type":"binary-expr","locations":[{"start":{"line":490,"column":19},"end":{"line":490,"column":28}},{"start":{"line":490,"column":32},"end":{"line":490,"column":33}}]},"54":{"loc":{"start":{"line":491,"column":19},"end":{"line":491,"column":36}},"type":"binary-expr","locations":[{"start":{"line":491,"column":19},"end":{"line":491,"column":28}},{"start":{"line":491,"column":32},"end":{"line":491,"column":36}}]},"55":{"loc":{"start":{"line":492,"column":21},"end":{"line":492,"column":40}},"type":"binary-expr","locations":[{"start":{"line":492,"column":21},"end":{"line":492,"column":32}},{"start":{"line":492,"column":36},"end":{"line":492,"column":40}}]},"56":{"loc":{"start":{"line":493,"column":20},"end":{"line":493,"column":48}},"type":"binary-expr","locations":[{"start":{"line":493,"column":20},"end":{"line":493,"column":30}},{"start":{"line":493,"column":34},"end":{"line":493,"column":48}}]},"57":{"loc":{"start":{"line":500,"column":18},"end":{"line":500,"column":70}},"type":"cond-expr","locations":[{"start":{"line":500,"column":41},"end":{"line":500,"column":52}},{"start":{"line":500,"column":55},"end":{"line":500,"column":70}}]}},"s":{"0":1,"1":1,"2":1,"3":1,"4":1,"5":1,"6":1,"7":11,"8":11,"9":2,"10":2,"11":2,"12":1,"13":1,"14":0,"15":2,"16":0,"17":2,"18":0,"19":0,"20":2,"21":2,"22":2,"23":6,"24":6,"25":1,"26":5,"27":1,"28":1,"29":1,"30":1,"31":1,"32":1,"33":1,"34":1,"35":1,"36":1,"37":1,"38":2,"39":1,"40":1,"41":1,"42":1,"43":1,"44":1,"45":1,"46":0,"47":1,"48":1,"49":1,"50":1,"51":1,"52":1,"53":1,"54":0,"55":1,"56":1,"57":1,"58":0,"59":1,"60":1,"61":1,"62":1,"63":1,"64":1,"65":1,"66":1,"67":1,"68":1,"69":3,"70":3,"71":1,"72":1,"73":1,"74":1,"75":1,"76":1,"77":1,"78":1,"79":1,"80":3,"81":3,"82":1,"83":1,"84":2,"85":2,"86":2,"87":1,"88":1,"89":1,"90":1,"91":1,"92":1,"93":0,"94":1,"95":1,"96":1,"97":1},"f":{"0":11,"1":2,"2":6,"3":1,"4":1,"5":1,"6":2,"7":1,"8":1,"9":1,"10":3,"11":3,"12":1},"b":{"0":[1,1],"1":[0],"2":[0],"3":[0],"4":[2,0],"5":[1],"6":[1,0],"7":[1,1],"8":[1,1],"9":[1,1],"10":[1,1],"11":[1,1],"12":[1,1],"13":[1,1],"14":[1,1],"15":[1,0],"16":[1,0],"17":[1,0],"18":[1,0],"19":[1,0],"20":[1,0],"21":[1,0],"22":[1,0],"23":[1,0],"24":[1],"25":[0],"26":[1,0],"27":[1,0],"28":[1,0],"29":[1,0],"30":[1,0],"31":[1],"32":[1],"33":[0],"34":[0],"35":[1,0],"36":[1,0],"37":[1,0],"38":[1,0],"39":[1],"40":[1,0],"41":[1,0],"42":[1],"43":[1],"44":[1],"45":[3,2],"46":[2],"47":[1],"48":[2,1],"49":[1,0],"50":[1,1],"51":[1,1],"52":[1,1],"53":[1,1],"54":[1,1],"55":[1,1],"56":[1,1],"57":[0,0]}}
,"C:\\Users\\selvakumar.rayappan\\Documents\\opsnext-crm\\apps\\api\\src\\leads\\dto\\convert-lead.dto.ts": {"path":"C:\\Users\\selvakumar.rayappan\\Documents\\opsnext-crm\\apps\\api\\src\\leads\\dto\\convert-lead.dto.ts","statementMap":{"0":{"start":{"line":1,"column":0},"end":{"line":1,"column":null}},"1":{"start":{"line":10,"column":0},"end":{"line":10,"column":41}},"2":{"start":{"line":11,"column":0},"end":{"line":11,"column":54}},"3":{"start":{"line":20,"column":2},"end":{"line":20,"column":37}},"4":{"start":{"line":13,"column":0},"end":{"line":13,"column":13}},"5":{"start":{"line":20,"column":2},"end":{"line":20,"column":null}},"6":{"start":{"line":28,"column":2},"end":{"line":28,"column":null}},"7":{"start":{"line":26,"column":37},"end":{"line":26,"column":65}},"8":{"start":{"line":35,"column":2},"end":{"line":35,"column":null}},"9":{"start":{"line":45,"column":2},"end":{"line":45,"column":null}},"10":{"start":{"line":42,"column":14},"end":{"line":42,"column":20}}},"fnMap":{"0":{"name":"(anonymous_2)","decl":{"start":{"line":13,"column":0},"end":{"line":13,"column":13}},"loc":{"start":{"line":13,"column":0},"end":{"line":46,"column":1}}},"1":{"name":"(anonymous_3)","decl":{"start":{"line":26,"column":14},"end":{"line":26,"column":15}},"loc":{"start":{"line":26,"column":37},"end":{"line":26,"column":65}}},"2":{"name":"(anonymous_4)","decl":{"start":{"line":42,"column":8},"end":{"line":42,"column":11}},"loc":{"start":{"line":42,"column":14},"end":{"line":42,"column":20}}}},"branchMap":{},"s":{"0":0,"1":0,"2":0,"3":0,"4":0,"5":0,"6":0,"7":0,"8":0,"9":0,"10":0},"f":{"0":0,"1":0,"2":0},"b":{}}
,"C:\\Users\\selvakumar.rayappan\\Documents\\opsnext-crm\\apps\\api\\src\\leads\\dto\\create-lead.dto.ts": {"path":"C:\\Users\\selvakumar.rayappan\\Documents\\opsnext-crm\\apps\\api\\src\\leads\\dto\\create-lead.dto.ts","statementMap":{"0":{"start":{"line":1,"column":0},"end":{"line":1,"column":null}},"1":{"start":{"line":12,"column":0},"end":{"line":12,"column":41}},"2":{"start":{"line":13,"column":0},"end":{"line":13,"column":67}},"3":{"start":{"line":14,"column":0},"end":{"line":14,"column":44}},"4":{"start":{"line":16,"column":0},"end":{"line":16,"column":13}},"5":{"start":{"line":20,"column":2},"end":{"line":20,"column":null}},"6":{"start":{"line":25,"column":2},"end":{"line":25,"column":null}},"7":{"start":{"line":30,"column":2},"end":{"line":30,"column":null}},"8":{"start":{"line":36,"column":2},"end":{"line":36,"column":null}},"9":{"start":{"line":42,"column":2},"end":{"line":42,"column":null}},"10":{"start":{"line":48,"column":2},"end":{"line":48,"column":null}},"11":{"start":{"line":57,"column":2},"end":{"line":57,"column":null}},"12":{"start":{"line":71,"column":2},"end":{"line":71,"column":null}},"13":{"start":{"line":67,"column":14},"end":{"line":67,"column":20}},"14":{"start":{"line":76,"column":2},"end":{"line":76,"column":null}},"15":{"start":{"line":81,"column":2},"end":{"line":81,"column":null}}},"fnMap":{"0":{"name":"(anonymous_2)","decl":{"start":{"line":67,"column":8},"end":{"line":67,"column":11}},"loc":{"start":{"line":67,"column":14},"end":{"line":67,"column":20}}}},"branchMap":{},"s":{"0":0,"1":0,"2":0,"3":0,"4":0,"5":0,"6":0,"7":0,"8":0,"9":0,"10":0,"11":0,"12":0,"13":0,"14":0,"15":0},"f":{"0":0},"b":{}}
,"C:\\Users\\selvakumar.rayappan\\Documents\\opsnext-crm\\apps\\api\\src\\leads\\dto\\list-leads-query.dto.ts": {"path":"C:\\Users\\selvakumar.rayappan\\Documents\\opsnext-crm\\apps\\api\\src\\leads\\dto\\list-leads-query.dto.ts","statementMap":{"0":{"start":{"line":1,"column":0},"end":{"line":1,"column":94}},"1":{"start":{"line":2,"column":0},"end":{"line":2,"column":41}},"2":{"start":{"line":3,"column":0},"end":{"line":3,"column":54}},"3":{"start":{"line":4,"column":0},"end":{"line":4,"column":44}},"4":{"start":{"line":12,"column":2},"end":{"line":12,"column":19}},"5":{"start":{"line":20,"column":2},"end":{"line":20,"column":21}},"6":{"start":{"line":44,"column":2},"end":{"line":44,"column":95}},"7":{"start":{"line":53,"column":2},"end":{"line":53,"column":33}},"8":{"start":{"line":6,"column":0},"end":{"line":6,"column":13}},"9":{"start":{"line":12,"column":2},"end":{"line":12,"column":null}},"10":{"start":{"line":9,"column":14},"end":{"line":9,"column":20}},"11":{"start":{"line":20,"column":2},"end":{"line":20,"column":null}},"12":{"start":{"line":16,"column":14},"end":{"line":16,"column":20}},"13":{"start":{"line":25,"column":2},"end":{"line":25,"column":null}},"14":{"start":{"line":30,"column":2},"end":{"line":30,"column":null}},"15":{"start":{"line":35,"column":2},"end":{"line":35,"column":null}},"16":{"start":{"line":44,"column":2},"end":{"line":44,"column":null}},"17":{"start":{"line":53,"column":2},"end":{"line":53,"column":null}}},"fnMap":{"0":{"name":"(anonymous_2)","decl":{"start":{"line":6,"column":0},"end":{"line":6,"column":13}},"loc":{"start":{"line":6,"column":0},"end":{"line":54,"column":1}}},"1":{"name":"(anonymous_3)","decl":{"start":{"line":9,"column":8},"end":{"line":9,"column":11}},"loc":{"start":{"line":9,"column":14},"end":{"line":9,"column":20}}},"2":{"name":"(anonymous_4)","decl":{"start":{"line":16,"column":8},"end":{"line":16,"column":11}},"loc":{"start":{"line":16,"column":14},"end":{"line":16,"column":20}}}},"branchMap":{},"s":{"0":0,"1":0,"2":0,"3":0,"4":0,"5":0,"6":0,"7":0,"8":0,"9":0,"10":0,"11":0,"12":0,"13":0,"14":0,"15":0,"16":0,"17":0},"f":{"0":0,"1":0,"2":0},"b":{}}
,"C:\\Users\\selvakumar.rayappan\\Documents\\opsnext-crm\\apps\\api\\src\\leads\\dto\\update-lead.dto.ts": {"path":"C:\\Users\\selvakumar.rayappan\\Documents\\opsnext-crm\\apps\\api\\src\\leads\\dto\\update-lead.dto.ts","statementMap":{"0":{"start":{"line":1,"column":0},"end":{"line":1,"column":46}},"1":{"start":{"line":2,"column":0},"end":{"line":2,"column":50}},"2":{"start":{"line":4,"column":0},"end":{"line":4,"column":13}}},"fnMap":{},"branchMap":{},"s":{"0":0,"1":0,"2":0},"f":{},"b":{}}
,"C:\\Users\\selvakumar.rayappan\\Documents\\opsnext-crm\\apps\\api\\src\\opportunities\\opportunities.module.ts": {"path":"C:\\Users\\selvakumar.rayappan\\Documents\\opsnext-crm\\apps\\api\\src\\opportunities\\opportunities.module.ts","statementMap":{"0":{"start":{"line":1,"column":0},"end":{"line":1,"column":40}},"1":{"start":{"line":2,"column":0},"end":{"line":2,"column":55}},"2":{"start":{"line":3,"column":0},"end":{"line":3,"column":52}},"3":{"start":{"line":4,"column":0},"end":{"line":4,"column":63}},"4":{"start":{"line":5,"column":0},"end":{"line":5,"column":69}},"5":{"start":{"line":13,"column":7},"end":{"line":13,"column":null}},"6":{"start":{"line":13,"column":13},"end":{"line":13,"column":32}},"7":{"start":{"line":13,"column":13},"end":{"line":13,"column":null}}},"fnMap":{},"branchMap":{},"s":{"0":0,"1":0,"2":0,"3":0,"4":0,"5":0,"6":0,"7":0},"f":{},"b":{}}
,"C:\\Users\\selvakumar.rayappan\\Documents\\opsnext-crm\\apps\\api\\src\\opportunities\\opportunities.service.ts": {"path":"C:\\Users\\selvakumar.rayappan\\Documents\\opsnext-crm\\apps\\api\\src\\opportunities\\opportunities.service.ts","statementMap":{"0":{"start":{"line":1,"column":0},"end":{"line":1,"column":null}},"1":{"start":{"line":6,"column":0},"end":{"line":6,"column":68}},"2":{"start":{"line":7,"column":0},"end":{"line":7,"column":57}},"3":{"start":{"line":8,"column":0},"end":{"line":8,"column":54}},"4":{"start":{"line":17,"column":7},"end":{"line":734,"column":null}},"5":{"start":{"line":19,"column":21},"end":{"line":19,"column":29}},"6":{"start":{"line":20,"column":21},"end":{"line":20,"column":28}},"7":{"start":{"line":28,"column":4},"end":{"line":28,"column":25}},"8":{"start":{"line":28,"column":14},"end":{"line":28,"column":25}},"9":{"start":{"line":29,"column":4},"end":{"line":32,"column":6}},"10":{"start":{"line":40,"column":23},"end":{"line":42,"column":6}},"11":{"start":{"line":45,"column":4},"end":{"line":47,"column":5}},"12":{"start":{"line":46,"column":6},"end":{"line":46,"column":29}},"13":{"start":{"line":50,"column":4},"end":{"line":52,"column":5}},"14":{"start":{"line":51,"column":6},"end":{"line":51,"column":62}},"15":{"start":{"line":53,"column":4},"end":{"line":55,"column":5}},"16":{"start":{"line":54,"column":6},"end":{"line":54,"column":34}},"17":{"start":{"line":56,"column":4},"end":{"line":58,"column":5}},"18":{"start":{"line":57,"column":6},"end":{"line":57,"column":42}},"19":{"start":{"line":59,"column":4},"end":{"line":61,"column":5}},"20":{"start":{"line":60,"column":6},"end":{"line":60,"column":36}},"21":{"start":{"line":62,"column":4},"end":{"line":64,"column":5}},"22":{"start":{"line":63,"column":6},"end":{"line":63,"column":36}},"23":{"start":{"line":66,"column":17},"end":{"line":66,"column":47}},"24":{"start":{"line":67,"column":17},"end":{"line":67,"column":28}},"25":{"start":{"line":70,"column":25},"end":{"line":70,"column":27}},"26":{"start":{"line":71,"column":4},"end":{"line":81,"column":5}},"27":{"start":{"line":72,"column":6},"end":{"line":72,"column":35}},"28":{"start":{"line":73,"column":11},"end":{"line":81,"column":5}},"29":{"start":{"line":74,"column":6},"end":{"line":74,"column":38}},"30":{"start":{"line":75,"column":11},"end":{"line":81,"column":5}},"31":{"start":{"line":76,"column":6},"end":{"line":76,"column":40}},"32":{"start":{"line":77,"column":11},"end":{"line":81,"column":5}},"33":{"start":{"line":78,"column":6},"end":{"line":78,"column":33}},"34":{"start":{"line":80,"column":6},"end":{"line":80,"column":38}},"35":{"start":{"line":83,"column":27},"end":{"line":98,"column":6}},"36":{"start":{"line":100,"column":17},"end":{"line":100,"column":67}},"37":{"start":{"line":100,"column":36},"end":{"line":100,"column":66}},"38":{"start":{"line":102,"column":4},"end":{"line":110,"column":6}},"39":{"start":{"line":114,"column":24},"end":{"line":131,"column":6}},"40":{"start":{"line":133,"column":4},"end":{"line":135,"column":5}},"41":{"start":{"line":134,"column":6},"end":{"line":134,"column":65}},"42":{"start":{"line":137,"column":4},"end":{"line":137,"column":50}},"43":{"start":{"line":142,"column":21},"end":{"line":144,"column":6}},"44":{"start":{"line":145,"column":4},"end":{"line":147,"column":5}},"45":{"start":{"line":146,"column":6},"end":{"line":146,"column":74}},"46":{"start":{"line":150,"column":18},"end":{"line":152,"column":6}},"47":{"start":{"line":153,"column":4},"end":{"line":157,"column":5}},"48":{"start":{"line":154,"column":6},"end":{"line":156,"column":8}},"49":{"start":{"line":160,"column":4},"end":{"line":167,"column":5}},"50":{"start":{"line":161,"column":22},"end":{"line":163,"column":8}},"51":{"start":{"line":164,"column":6},"end":{"line":166,"column":7}},"52":{"start":{"line":165,"column":8},"end":{"line":165,"column":74}},"53":{"start":{"line":168,"column":4},"end":{"line":175,"column":5}},"54":{"start":{"line":169,"column":22},"end":{"line":171,"column":8}},"55":{"start":{"line":172,"column":6},"end":{"line":174,"column":7}},"56":{"start":{"line":173,"column":8},"end":{"line":173,"column":74}},"57":{"start":{"line":176,"column":4},"end":{"line":183,"column":5}},"58":{"start":{"line":177,"column":20},"end":{"line":179,"column":8}},"59":{"start":{"line":180,"column":6},"end":{"line":182,"column":7}},"60":{"start":{"line":181,"column":8},"end":{"line":181,"column":75}},"61":{"start":{"line":185,"column":20},"end":{"line":185,"column":42}},"62":{"start":{"line":186,"column":24},"end":{"line":186,"column":60}},"63":{"start":{"line":187,"column":24},"end":{"line":187,"column":94}},"64":{"start":{"line":190,"column":36},"end":{"line":190,"column":58}},"65":{"start":{"line":191,"column":29},"end":{"line":191,"column":33}},"66":{"start":{"line":192,"column":30},"end":{"line":192,"column":34}},"67":{"start":{"line":194,"column":4},"end":{"line":200,"column":5}},"68":{"start":{"line":195,"column":6},"end":{"line":195,"column":37}},"69":{"start":{"line":196,"column":6},"end":{"line":196,"column":25}},"70":{"start":{"line":197,"column":11},"end":{"line":200,"column":5}},"71":{"start":{"line":198,"column":6},"end":{"line":198,"column":38}},"72":{"start":{"line":199,"column":6},"end":{"line":199,"column":26}},"73":{"start":{"line":202,"column":24},"end":{"line":241,"column":6}},"74":{"start":{"line":203,"column":18},"end":{"line":227,"column":8}},"75":{"start":{"line":230,"column":6},"end":{"line":238,"column":9}},"76":{"start":{"line":240,"column":6},"end":{"line":240,"column":17}},"77":{"start":{"line":243,"column":4},"end":{"line":257,"column":7}},"78":{"start":{"line":259,"column":4},"end":{"line":259,"column":50}},"79":{"start":{"line":263,"column":21},"end":{"line":265,"column":6}},"80":{"start":{"line":266,"column":4},"end":{"line":268,"column":5}},"81":{"start":{"line":267,"column":6},"end":{"line":267,"column":65}},"82":{"start":{"line":271,"column":23},"end":{"line":271,"column":60}},"83":{"start":{"line":272,"column":20},"end":{"line":272,"column":51}},"84":{"start":{"line":274,"column":4},"end":{"line":281,"column":5}},"85":{"start":{"line":275,"column":23},"end":{"line":277,"column":8}},"86":{"start":{"line":278,"column":6},"end":{"line":280,"column":7}},"87":{"start":{"line":279,"column":8},"end":{"line":279,"column":76}},"88":{"start":{"line":283,"column":22},"end":{"line":283,"column":26}},"89":{"start":{"line":284,"column":4},"end":{"line":293,"column":5}},"90":{"start":{"line":285,"column":6},"end":{"line":287,"column":9}},"91":{"start":{"line":288,"column":6},"end":{"line":292,"column":7}},"92":{"start":{"line":289,"column":8},"end":{"line":291,"column":10}},"93":{"start":{"line":296,"column":4},"end":{"line":303,"column":5}},"94":{"start":{"line":297,"column":22},"end":{"line":299,"column":8}},"95":{"start":{"line":300,"column":6},"end":{"line":302,"column":7}},"96":{"start":{"line":301,"column":8},"end":{"line":301,"column":74}},"97":{"start":{"line":304,"column":4},"end":{"line":311,"column":5}},"98":{"start":{"line":305,"column":22},"end":{"line":307,"column":8}},"99":{"start":{"line":308,"column":6},"end":{"line":310,"column":7}},"100":{"start":{"line":309,"column":8},"end":{"line":309,"column":74}},"101":{"start":{"line":312,"column":4},"end":{"line":319,"column":5}},"102":{"start":{"line":313,"column":20},"end":{"line":315,"column":8}},"103":{"start":{"line":316,"column":6},"end":{"line":318,"column":7}},"104":{"start":{"line":317,"column":8},"end":{"line":317,"column":75}},"105":{"start":{"line":321,"column":24},"end":{"line":321,"column":130}},"106":{"start":{"line":322,"column":24},"end":{"line":322,"column":125}},"107":{"start":{"line":324,"column":17},"end":{"line":324,"column":26}},"108":{"start":{"line":325,"column":16},"end":{"line":325,"column":25}},"109":{"start":{"line":326,"column":17},"end":{"line":326,"column":26}},"110":{"start":{"line":327,"column":21},"end":{"line":327,"column":30}},"111":{"start":{"line":329,"column":4},"end":{"line":346,"column":5}},"112":{"start":{"line":330,"column":6},"end":{"line":345,"column":7}},"113":{"start":{"line":331,"column":8},"end":{"line":331,"column":39}},"114":{"start":{"line":332,"column":8},"end":{"line":332,"column":27}},"115":{"start":{"line":333,"column":8},"end":{"line":333,"column":22}},"116":{"start":{"line":334,"column":8},"end":{"line":334,"column":26}},"117":{"start":{"line":335,"column":13},"end":{"line":345,"column":7}},"118":{"start":{"line":336,"column":8},"end":{"line":336,"column":40}},"119":{"start":{"line":337,"column":8},"end":{"line":337,"column":28}},"120":{"start":{"line":338,"column":8},"end":{"line":338,"column":48}},"121":{"start":{"line":339,"column":8},"end":{"line":339,"column":21}},"122":{"start":{"line":341,"column":8},"end":{"line":341,"column":40}},"123":{"start":{"line":342,"column":8},"end":{"line":342,"column":21}},"124":{"start":{"line":343,"column":8},"end":{"line":343,"column":22}},"125":{"start":{"line":344,"column":8},"end":{"line":344,"column":26}},"126":{"start":{"line":348,"column":24},"end":{"line":389,"column":6}},"127":{"start":{"line":349,"column":18},"end":{"line":374,"column":8}},"128":{"start":{"line":376,"column":6},"end":{"line":386,"column":7}},"129":{"start":{"line":377,"column":8},"end":{"line":385,"column":11}},"130":{"start":{"line":388,"column":6},"end":{"line":388,"column":17}},"131":{"start":{"line":391,"column":4},"end":{"line":409,"column":7}},"132":{"start":{"line":411,"column":4},"end":{"line":411,"column":50}},"133":{"start":{"line":415,"column":21},"end":{"line":417,"column":6}},"134":{"start":{"line":418,"column":4},"end":{"line":420,"column":5}},"135":{"start":{"line":419,"column":6},"end":{"line":419,"column":65}},"136":{"start":{"line":422,"column":4},"end":{"line":424,"column":5}},"137":{"start":{"line":423,"column":6},"end":{"line":423,"column":38}},"138":{"start":{"line":426,"column":24},"end":{"line":428,"column":6}},"139":{"start":{"line":429,"column":4},"end":{"line":433,"column":5}},"140":{"start":{"line":430,"column":6},"end":{"line":432,"column":8}},"141":{"start":{"line":435,"column":36},"end":{"line":435,"column":58}},"142":{"start":{"line":436,"column":16},"end":{"line":436,"column":20}},"143":{"start":{"line":437,"column":17},"end":{"line":437,"column":21}},"144":{"start":{"line":438,"column":21},"end":{"line":438,"column":25}},"145":{"start":{"line":440,"column":4},"end":{"line":447,"column":5}},"146":{"start":{"line":441,"column":6},"end":{"line":441,"column":37}},"147":{"start":{"line":442,"column":6},"end":{"line":442,"column":25}},"148":{"start":{"line":443,"column":11},"end":{"line":447,"column":5}},"149":{"start":{"line":444,"column":6},"end":{"line":444,"column":38}},"150":{"start":{"line":445,"column":6},"end":{"line":445,"column":26}},"151":{"start":{"line":446,"column":6},"end":{"line":446,"column":46}},"152":{"start":{"line":449,"column":24},"end":{"line":480,"column":6}},"153":{"start":{"line":450,"column":18},"end":{"line":467,"column":8}},"154":{"start":{"line":469,"column":6},"end":{"line":477,"column":9}},"155":{"start":{"line":479,"column":6},"end":{"line":479,"column":17}},"156":{"start":{"line":482,"column":4},"end":{"line":490,"column":7}},"157":{"start":{"line":492,"column":4},"end":{"line":492,"column":50}},"158":{"start":{"line":496,"column":21},"end":{"line":498,"column":6}},"159":{"start":{"line":499,"column":4},"end":{"line":501,"column":5}},"160":{"start":{"line":500,"column":6},"end":{"line":500,"column":65}},"161":{"start":{"line":503,"column":21},"end":{"line":505,"column":6}},"162":{"start":{"line":506,"column":4},"end":{"line":510,"column":5}},"163":{"start":{"line":507,"column":6},"end":{"line":509,"column":8}},"164":{"start":{"line":512,"column":24},"end":{"line":545,"column":6}},"165":{"start":{"line":513,"column":18},"end":{"line":530,"column":8}},"166":{"start":{"line":532,"column":6},"end":{"line":542,"column":7}},"167":{"start":{"line":533,"column":8},"end":{"line":541,"column":11}},"168":{"start":{"line":544,"column":6},"end":{"line":544,"column":17}},"169":{"start":{"line":547,"column":4},"end":{"line":555,"column":7}},"170":{"start":{"line":557,"column":4},"end":{"line":557,"column":50}},"171":{"start":{"line":561,"column":21},"end":{"line":563,"column":6}},"172":{"start":{"line":564,"column":4},"end":{"line":566,"column":5}},"173":{"start":{"line":565,"column":6},"end":{"line":565,"column":65}},"174":{"start":{"line":568,"column":22},"end":{"line":570,"column":6}},"175":{"start":{"line":571,"column":4},"end":{"line":575,"column":5}},"176":{"start":{"line":572,"column":6},"end":{"line":574,"column":8}},"177":{"start":{"line":577,"column":24},"end":{"line":610,"column":6}},"178":{"start":{"line":578,"column":18},"end":{"line":595,"column":8}},"179":{"start":{"line":597,"column":6},"end":{"line":607,"column":7}},"180":{"start":{"line":598,"column":8},"end":{"line":606,"column":11}},"181":{"start":{"line":609,"column":6},"end":{"line":609,"column":17}},"182":{"start":{"line":612,"column":4},"end":{"line":620,"column":7}},"183":{"start":{"line":622,"column":4},"end":{"line":622,"column":50}},"184":{"start":{"line":626,"column":21},"end":{"line":628,"column":6}},"185":{"start":{"line":629,"column":4},"end":{"line":631,"column":5}},"186":{"start":{"line":630,"column":6},"end":{"line":630,"column":65}},"187":{"start":{"line":633,"column":4},"end":{"line":641,"column":7}},"188":{"start":{"line":635,"column":6},"end":{"line":637,"column":9}},"189":{"start":{"line":638,"column":6},"end":{"line":640,"column":9}},"190":{"start":{"line":643,"column":4},"end":{"line":650,"column":7}},"191":{"start":{"line":658,"column":23},"end":{"line":661,"column":6}},"192":{"start":{"line":663,"column":4},"end":{"line":665,"column":5}},"193":{"start":{"line":664,"column":6},"end":{"line":664,"column":29}},"194":{"start":{"line":667,"column":4},"end":{"line":669,"column":5}},"195":{"start":{"line":668,"column":6},"end":{"line":668,"column":42}},"196":{"start":{"line":671,"column":4},"end":{"line":679,"column":5}},"197":{"start":{"line":672,"column":6},"end":{"line":672,"column":27}},"198":{"start":{"line":673,"column":6},"end":{"line":675,"column":7}},"199":{"start":{"line":674,"column":8},"end":{"line":674,"column":56}},"200":{"start":{"line":676,"column":6},"end":{"line":678,"column":7}},"201":{"start":{"line":677,"column":8},"end":{"line":677,"column":54}},"202":{"start":{"line":681,"column":18},"end":{"line":688,"column":6}},"203":{"start":{"line":690,"column":21},"end":{"line":690,"column":22}},"204":{"start":{"line":691,"column":24},"end":{"line":691,"column":25}},"205":{"start":{"line":693,"column":23},"end":{"line":693,"column":102}},"206":{"start":{"line":695,"column":4},"end":{"line":714,"column":5}},"207":{"start":{"line":696,"column":6},"end":{"line":696,"column":41}},"208":{"start":{"line":696,"column":32},"end":{"line":696,"column":41}},"209":{"start":{"line":698,"column":24},"end":{"line":698,"column":49}},"210":{"start":{"line":699,"column":26},"end":{"line":699,"column":62}},"211":{"start":{"line":701,"column":6},"end":{"line":701,"column":30}},"212":{"start":{"line":702,"column":6},"end":{"line":702,"column":35}},"213":{"start":{"line":704,"column":22},"end":{"line":704,"column":46}},"214":{"start":{"line":705,"column":19},"end":{"line":705,"column":40}},"215":{"start":{"line":706,"column":23},"end":{"line":706,"column":70}},"216":{"start":{"line":707,"column":18},"end":{"line":707,"column":39}},"217":{"start":{"line":709,"column":28},"end":{"line":709,"column":96}},"218":{"start":{"line":710,"column":6},"end":{"line":710,"column":44}},"219":{"start":{"line":711,"column":6},"end":{"line":711,"column":49}},"220":{"start":{"line":712,"column":6},"end":{"line":712,"column":31}},"221":{"start":{"line":713,"column":6},"end":{"line":713,"column":41}},"222":{"start":{"line":716,"column":20},"end":{"line":723,"column":53}},"223":{"start":{"line":717,"column":32},"end":{"line":722,"column":8}},"224":{"start":{"line":723,"column":22},"end":{"line":723,"column":52}},"225":{"start":{"line":725,"column":4},"end":{"line":732,"column":6}},"226":{"start":{"line":17,"column":13},"end":{"line":17,"column":33}},"227":{"start":{"line":17,"column":13},"end":{"line":734,"column":null}}},"fnMap":{"0":{"name":"(anonymous_2)","decl":{"start":{"line":18,"column":2},"end":{"line":18,"column":null}},"loc":{"start":{"line":20,"column":40},"end":{"line":21,"column":6}}},"1":{"name":"(anonymous_3)","decl":{"start":{"line":27,"column":10},"end":{"line":27,"column":30}},"loc":{"start":{"line":27,"column":39},"end":{"line":33,"column":3}}},"2":{"name":"(anonymous_4)","decl":{"start":{"line":39,"column":2},"end":{"line":39,"column":7}},"loc":{"start":{"line":39,"column":95},"end":{"line":111,"column":3}}},"3":{"name":"(anonymous_5)","decl":{"start":{"line":100,"column":27},"end":{"line":100,"column":28}},"loc":{"start":{"line":100,"column":36},"end":{"line":100,"column":66}}},"4":{"name":"(anonymous_6)","decl":{"start":{"line":113,"column":2},"end":{"line":113,"column":7}},"loc":{"start":{"line":113,"column":42},"end":{"line":138,"column":3}}},"5":{"name":"(anonymous_7)","decl":{"start":{"line":140,"column":2},"end":{"line":140,"column":7}},"loc":{"start":{"line":140,"column":72},"end":{"line":260,"column":3}}},"6":{"name":"(anonymous_8)","decl":{"start":{"line":202,"column":55},"end":{"line":202,"column":60}},"loc":{"start":{"line":202,"column":68},"end":{"line":241,"column":5}}},"7":{"name":"(anonymous_9)","decl":{"start":{"line":262,"column":2},"end":{"line":262,"column":7}},"loc":{"start":{"line":262,"column":84},"end":{"line":412,"column":3}}},"8":{"name":"(anonymous_10)","decl":{"start":{"line":348,"column":55},"end":{"line":348,"column":60}},"loc":{"start":{"line":348,"column":68},"end":{"line":389,"column":5}}},"9":{"name":"(anonymous_11)","decl":{"start":{"line":414,"column":2},"end":{"line":414,"column":7}},"loc":{"start":{"line":414,"column":79},"end":{"line":493,"column":3}}},"10":{"name":"(anonymous_12)","decl":{"start":{"line":449,"column":55},"end":{"line":449,"column":60}},"loc":{"start":{"line":449,"column":68},"end":{"line":480,"column":5}}},"11":{"name":"(anonymous_13)","decl":{"start":{"line":495,"column":2},"end":{"line":495,"column":7}},"loc":{"start":{"line":495,"column":75},"end":{"line":558,"column":3}}},"12":{"name":"(anonymous_14)","decl":{"start":{"line":512,"column":55},"end":{"line":512,"column":60}},"loc":{"start":{"line":512,"column":68},"end":{"line":545,"column":5}}},"13":{"name":"(anonymous_15)","decl":{"start":{"line":560,"column":2},"end":{"line":560,"column":7}},"loc":{"start":{"line":560,"column":77},"end":{"line":623,"column":3}}},"14":{"name":"(anonymous_16)","decl":{"start":{"line":577,"column":55},"end":{"line":577,"column":60}},"loc":{"start":{"line":577,"column":68},"end":{"line":610,"column":5}}},"15":{"name":"(anonymous_17)","decl":{"start":{"line":625,"column":2},"end":{"line":625,"column":7}},"loc":{"start":{"line":625,"column":57},"end":{"line":651,"column":3}}},"16":{"name":"(anonymous_18)","decl":{"start":{"line":633,"column":35},"end":{"line":633,"column":40}},"loc":{"start":{"line":633,"column":48},"end":{"line":641,"column":5}}},"17":{"name":"(anonymous_19)","decl":{"start":{"line":657,"column":2},"end":{"line":657,"column":7}},"loc":{"start":{"line":657,"column":90},"end":{"line":733,"column":3}}},"18":{"name":"(anonymous_20)","decl":{"start":{"line":717,"column":11},"end":{"line":717,"column":12}},"loc":{"start":{"line":717,"column":32},"end":{"line":722,"column":8}}},"19":{"name":"(anonymous_21)","decl":{"start":{"line":723,"column":12},"end":{"line":723,"column":13}},"loc":{"start":{"line":723,"column":22},"end":{"line":723,"column":52}}}},"branchMap":{"0":{"loc":{"start":{"line":28,"column":4},"end":{"line":28,"column":25}},"type":"if","locations":[{"start":{"line":28,"column":4},"end":{"line":28,"column":25}}]},"1":{"loc":{"start":{"line":31,"column":14},"end":{"line":31,"column":67}},"type":"cond-expr","locations":[{"start":{"line":31,"column":36},"end":{"line":31,"column":60}},{"start":{"line":31,"column":63},"end":{"line":31,"column":67}}]},"2":{"loc":{"start":{"line":45,"column":4},"end":{"line":47,"column":5}},"type":"if","locations":[{"start":{"line":45,"column":4},"end":{"line":47,"column":5}}]},"3":{"loc":{"start":{"line":50,"column":4},"end":{"line":52,"column":5}},"type":"if","locations":[{"start":{"line":50,"column":4},"end":{"line":52,"column":5}}]},"4":{"loc":{"start":{"line":53,"column":4},"end":{"line":55,"column":5}},"type":"if","locations":[{"start":{"line":53,"column":4},"end":{"line":55,"column":5}}]},"5":{"loc":{"start":{"line":56,"column":4},"end":{"line":58,"column":5}},"type":"if","locations":[{"start":{"line":56,"column":4},"end":{"line":58,"column":5}}]},"6":{"loc":{"start":{"line":59,"column":4},"end":{"line":61,"column":5}},"type":"if","locations":[{"start":{"line":59,"column":4},"end":{"line":61,"column":5}}]},"7":{"loc":{"start":{"line":62,"column":4},"end":{"line":64,"column":5}},"type":"if","locations":[{"start":{"line":62,"column":4},"end":{"line":64,"column":5}}]},"8":{"loc":{"start":{"line":71,"column":4},"end":{"line":81,"column":5}},"type":"if","locations":[{"start":{"line":71,"column":4},"end":{"line":81,"column":5}},{"start":{"line":73,"column":11},"end":{"line":81,"column":5}}]},"9":{"loc":{"start":{"line":73,"column":11},"end":{"line":81,"column":5}},"type":"if","locations":[{"start":{"line":73,"column":11},"end":{"line":81,"column":5}},{"start":{"line":75,"column":11},"end":{"line":81,"column":5}}]},"10":{"loc":{"start":{"line":75,"column":11},"end":{"line":81,"column":5}},"type":"if","locations":[{"start":{"line":75,"column":11},"end":{"line":81,"column":5}},{"start":{"line":77,"column":11},"end":{"line":81,"column":5}}]},"11":{"loc":{"start":{"line":77,"column":11},"end":{"line":81,"column":5}},"type":"if","locations":[{"start":{"line":77,"column":11},"end":{"line":81,"column":5}},{"start":{"line":79,"column":11},"end":{"line":81,"column":5}}]},"12":{"loc":{"start":{"line":133,"column":4},"end":{"line":135,"column":5}},"type":"if","locations":[{"start":{"line":133,"column":4},"end":{"line":135,"column":5}}]},"13":{"loc":{"start":{"line":145,"column":4},"end":{"line":147,"column":5}},"type":"if","locations":[{"start":{"line":145,"column":4},"end":{"line":147,"column":5}}]},"14":{"loc":{"start":{"line":153,"column":4},"end":{"line":157,"column":5}},"type":"if","locations":[{"start":{"line":153,"column":4},"end":{"line":157,"column":5}}]},"15":{"loc":{"start":{"line":160,"column":4},"end":{"line":167,"column":5}},"type":"if","locations":[{"start":{"line":160,"column":4},"end":{"line":167,"column":5}}]},"16":{"loc":{"start":{"line":164,"column":6},"end":{"line":166,"column":7}},"type":"if","locations":[{"start":{"line":164,"column":6},"end":{"line":166,"column":7}}]},"17":{"loc":{"start":{"line":168,"column":4},"end":{"line":175,"column":5}},"type":"if","locations":[{"start":{"line":168,"column":4},"end":{"line":175,"column":5}}]},"18":{"loc":{"start":{"line":172,"column":6},"end":{"line":174,"column":7}},"type":"if","locations":[{"start":{"line":172,"column":6},"end":{"line":174,"column":7}}]},"19":{"loc":{"start":{"line":176,"column":4},"end":{"line":183,"column":5}},"type":"if","locations":[{"start":{"line":176,"column":4},"end":{"line":183,"column":5}}]},"20":{"loc":{"start":{"line":180,"column":6},"end":{"line":182,"column":7}},"type":"if","locations":[{"start":{"line":180,"column":6},"end":{"line":182,"column":7}}]},"21":{"loc":{"start":{"line":185,"column":20},"end":{"line":185,"column":42}},"type":"binary-expr","locations":[{"start":{"line":185,"column":20},"end":{"line":185,"column":31}},{"start":{"line":185,"column":35},"end":{"line":185,"column":42}}]},"22":{"loc":{"start":{"line":186,"column":24},"end":{"line":186,"column":60}},"type":"binary-expr","locations":[{"start":{"line":186,"column":24},"end":{"line":186,"column":39}},{"start":{"line":186,"column":43},"end":{"line":186,"column":60}}]},"23":{"loc":{"start":{"line":187,"column":24},"end":{"line":187,"column":94}},"type":"cond-expr","locations":[{"start":{"line":187,"column":51},"end":{"line":187,"column":87}},{"start":{"line":187,"column":90},"end":{"line":187,"column":94}}]},"24":{"loc":{"start":{"line":194,"column":4},"end":{"line":200,"column":5}},"type":"if","locations":[{"start":{"line":194,"column":4},"end":{"line":200,"column":5}},{"start":{"line":197,"column":11},"end":{"line":200,"column":5}}]},"25":{"loc":{"start":{"line":197,"column":11},"end":{"line":200,"column":5}},"type":"if","locations":[{"start":{"line":197,"column":11},"end":{"line":200,"column":5}}]},"26":{"loc":{"start":{"line":208,"column":20},"end":{"line":208,"column":41}},"type":"binary-expr","locations":[{"start":{"line":208,"column":20},"end":{"line":208,"column":32}},{"start":{"line":208,"column":36},"end":{"line":208,"column":41}}]},"27":{"loc":{"start":{"line":212,"column":21},"end":{"line":212,"column":42}},"type":"binary-expr","locations":[{"start":{"line":212,"column":21},"end":{"line":212,"column":34}},{"start":{"line":212,"column":38},"end":{"line":212,"column":42}}]},"28":{"loc":{"start":{"line":213,"column":21},"end":{"line":213,"column":42}},"type":"binary-expr","locations":[{"start":{"line":213,"column":21},"end":{"line":213,"column":34}},{"start":{"line":213,"column":38},"end":{"line":213,"column":42}}]},"29":{"loc":{"start":{"line":266,"column":4},"end":{"line":268,"column":5}},"type":"if","locations":[{"start":{"line":266,"column":4},"end":{"line":268,"column":5}}]},"30":{"loc":{"start":{"line":271,"column":23},"end":{"line":271,"column":60}},"type":"binary-expr","locations":[{"start":{"line":271,"column":23},"end":{"line":271,"column":37}},{"start":{"line":271,"column":41},"end":{"line":271,"column":60}}]},"31":{"loc":{"start":{"line":272,"column":20},"end":{"line":272,"column":51}},"type":"binary-expr","locations":[{"start":{"line":272,"column":20},"end":{"line":272,"column":31}},{"start":{"line":272,"column":35},"end":{"line":272,"column":51}}]},"32":{"loc":{"start":{"line":274,"column":4},"end":{"line":281,"column":5}},"type":"if","locations":[{"start":{"line":274,"column":4},"end":{"line":281,"column":5}}]},"33":{"loc":{"start":{"line":274,"column":8},"end":{"line":274,"column":64}},"type":"binary-expr","locations":[{"start":{"line":274,"column":8},"end":{"line":274,"column":22}},{"start":{"line":274,"column":26},"end":{"line":274,"column":64}}]},"34":{"loc":{"start":{"line":278,"column":6},"end":{"line":280,"column":7}},"type":"if","locations":[{"start":{"line":278,"column":6},"end":{"line":280,"column":7}}]},"35":{"loc":{"start":{"line":284,"column":4},"end":{"line":293,"column":5}},"type":"if","locations":[{"start":{"line":284,"column":4},"end":{"line":293,"column":5}}]},"36":{"loc":{"start":{"line":284,"column":8},"end":{"line":284,"column":78}},"type":"binary-expr","locations":[{"start":{"line":284,"column":8},"end":{"line":284,"column":36}},{"start":{"line":284,"column":40},"end":{"line":284,"column":78}}]},"37":{"loc":{"start":{"line":288,"column":6},"end":{"line":292,"column":7}},"type":"if","locations":[{"start":{"line":288,"column":6},"end":{"line":292,"column":7}}]},"38":{"loc":{"start":{"line":296,"column":4},"end":{"line":303,"column":5}},"type":"if","locations":[{"start":{"line":296,"column":4},"end":{"line":303,"column":5}}]},"39":{"loc":{"start":{"line":300,"column":6},"end":{"line":302,"column":7}},"type":"if","locations":[{"start":{"line":300,"column":6},"end":{"line":302,"column":7}}]},"40":{"loc":{"start":{"line":304,"column":4},"end":{"line":311,"column":5}},"type":"if","locations":[{"start":{"line":304,"column":4},"end":{"line":311,"column":5}}]},"41":{"loc":{"start":{"line":308,"column":6},"end":{"line":310,"column":7}},"type":"if","locations":[{"start":{"line":308,"column":6},"end":{"line":310,"column":7}}]},"42":{"loc":{"start":{"line":312,"column":4},"end":{"line":319,"column":5}},"type":"if","locations":[{"start":{"line":312,"column":4},"end":{"line":319,"column":5}}]},"43":{"loc":{"start":{"line":316,"column":6},"end":{"line":318,"column":7}},"type":"if","locations":[{"start":{"line":316,"column":6},"end":{"line":318,"column":7}}]},"44":{"loc":{"start":{"line":321,"column":24},"end":{"line":321,"column":130}},"type":"cond-expr","locations":[{"start":{"line":321,"column":52},"end":{"line":321,"column":117}},{"start":{"line":321,"column":121},"end":{"line":321,"column":130}}]},"45":{"loc":{"start":{"line":321,"column":52},"end":{"line":321,"column":117}},"type":"cond-expr","locations":[{"start":{"line":321,"column":74},"end":{"line":321,"column":110}},{"start":{"line":321,"column":113},"end":{"line":321,"column":117}}]},"46":{"loc":{"start":{"line":322,"column":24},"end":{"line":322,"column":125}},"type":"cond-expr","locations":[{"start":{"line":322,"column":56},"end":{"line":322,"column":71}},{"start":{"line":322,"column":75},"end":{"line":322,"column":124}}]},"47":{"loc":{"start":{"line":322,"column":75},"end":{"line":322,"column":124}},"type":"cond-expr","locations":[{"start":{"line":322,"column":89},"end":{"line":322,"column":112}},{"start":{"line":322,"column":115},"end":{"line":322,"column":124}}]},"48":{"loc":{"start":{"line":329,"column":4},"end":{"line":346,"column":5}},"type":"if","locations":[{"start":{"line":329,"column":4},"end":{"line":346,"column":5}}]},"49":{"loc":{"start":{"line":330,"column":6},"end":{"line":345,"column":7}},"type":"if","locations":[{"start":{"line":330,"column":6},"end":{"line":345,"column":7}},{"start":{"line":335,"column":13},"end":{"line":345,"column":7}}]},"50":{"loc":{"start":{"line":335,"column":13},"end":{"line":345,"column":7}},"type":"if","locations":[{"start":{"line":335,"column":13},"end":{"line":345,"column":7}},{"start":{"line":340,"column":13},"end":{"line":345,"column":7}}]},"51":{"loc":{"start":{"line":352,"column":14},"end":{"line":352,"column":58}},"type":"binary-expr","locations":[{"start":{"line":352,"column":14},"end":{"line":352,"column":36}},{"start":{"line":352,"column":40},"end":{"line":352,"column":58}}]},"52":{"loc":{"start":{"line":353,"column":14},"end":{"line":353,"column":66}},"type":"binary-expr","locations":[{"start":{"line":353,"column":14},"end":{"line":353,"column":39}},{"start":{"line":353,"column":43},"end":{"line":353,"column":66}}]},"53":{"loc":{"start":{"line":354,"column":14},"end":{"line":354,"column":70}},"type":"binary-expr","locations":[{"start":{"line":354,"column":14},"end":{"line":354,"column":40}},{"start":{"line":354,"column":44},"end":{"line":354,"column":70}}]},"54":{"loc":{"start":{"line":355,"column":14},"end":{"line":355,"column":83}},"type":"binary-expr","locations":[{"start":{"line":355,"column":14},"end":{"line":355,"column":41}},{"start":{"line":355,"column":45},"end":{"line":355,"column":83}}]},"55":{"loc":{"start":{"line":356,"column":14},"end":{"line":356,"column":76}},"type":"binary-expr","locations":[{"start":{"line":356,"column":14},"end":{"line":356,"column":42}},{"start":{"line":356,"column":46},"end":{"line":356,"column":76}}]},"56":{"loc":{"start":{"line":357,"column":14},"end":{"line":357,"column":67}},"type":"binary-expr","locations":[{"start":{"line":357,"column":14},"end":{"line":357,"column":39}},{"start":{"line":357,"column":43},"end":{"line":357,"column":67}}]},"57":{"loc":{"start":{"line":358,"column":14},"end":{"line":358,"column":73}},"type":"binary-expr","locations":[{"start":{"line":358,"column":14},"end":{"line":358,"column":41}},{"start":{"line":358,"column":45},"end":{"line":358,"column":73}}]},"58":{"loc":{"start":{"line":359,"column":14},"end":{"line":359,"column":73}},"type":"binary-expr","locations":[{"start":{"line":359,"column":14},"end":{"line":359,"column":41}},{"start":{"line":359,"column":45},"end":{"line":359,"column":73}}]},"59":{"loc":{"start":{"line":360,"column":14},"end":{"line":360,"column":67}},"type":"binary-expr","locations":[{"start":{"line":360,"column":14},"end":{"line":360,"column":39}},{"start":{"line":360,"column":43},"end":{"line":360,"column":67}}]},"60":{"loc":{"start":{"line":361,"column":14},"end":{"line":361,"column":58}},"type":"binary-expr","locations":[{"start":{"line":361,"column":14},"end":{"line":361,"column":39}},{"start":{"line":361,"column":43},"end":{"line":361,"column":58}}]},"61":{"loc":{"start":{"line":362,"column":14},"end":{"line":362,"column":48}},"type":"binary-expr","locations":[{"start":{"line":362,"column":14},"end":{"line":362,"column":34}},{"start":{"line":362,"column":38},"end":{"line":362,"column":48}}]},"62":{"loc":{"start":{"line":363,"column":14},"end":{"line":363,"column":46}},"type":"binary-expr","locations":[{"start":{"line":363,"column":14},"end":{"line":363,"column":33}},{"start":{"line":363,"column":37},"end":{"line":363,"column":46}}]},"63":{"loc":{"start":{"line":364,"column":14},"end":{"line":364,"column":48}},"type":"binary-expr","locations":[{"start":{"line":364,"column":14},"end":{"line":364,"column":34}},{"start":{"line":364,"column":38},"end":{"line":364,"column":48}}]},"64":{"loc":{"start":{"line":365,"column":14},"end":{"line":365,"column":56}},"type":"binary-expr","locations":[{"start":{"line":365,"column":14},"end":{"line":365,"column":38}},{"start":{"line":365,"column":42},"end":{"line":365,"column":56}}]},"65":{"loc":{"start":{"line":376,"column":6},"end":{"line":386,"column":7}},"type":"if","locations":[{"start":{"line":376,"column":6},"end":{"line":386,"column":7}}]},"66":{"loc":{"start":{"line":400,"column":16},"end":{"line":400,"column":79}},"type":"cond-expr","locations":[{"start":{"line":400,"column":43},"end":{"line":400,"column":72}},{"start":{"line":400,"column":75},"end":{"line":400,"column":79}}]},"67":{"loc":{"start":{"line":406,"column":16},"end":{"line":406,"column":85}},"type":"cond-expr","locations":[{"start":{"line":406,"column":46},"end":{"line":406,"column":78}},{"start":{"line":406,"column":81},"end":{"line":406,"column":85}}]},"68":{"loc":{"start":{"line":418,"column":4},"end":{"line":420,"column":5}},"type":"if","locations":[{"start":{"line":418,"column":4},"end":{"line":420,"column":5}}]},"69":{"loc":{"start":{"line":422,"column":4},"end":{"line":424,"column":5}},"type":"if","locations":[{"start":{"line":422,"column":4},"end":{"line":424,"column":5}}]},"70":{"loc":{"start":{"line":429,"column":4},"end":{"line":433,"column":5}},"type":"if","locations":[{"start":{"line":429,"column":4},"end":{"line":433,"column":5}}]},"71":{"loc":{"start":{"line":440,"column":4},"end":{"line":447,"column":5}},"type":"if","locations":[{"start":{"line":440,"column":4},"end":{"line":447,"column":5}},{"start":{"line":443,"column":11},"end":{"line":447,"column":5}}]},"72":{"loc":{"start":{"line":443,"column":11},"end":{"line":447,"column":5}},"type":"if","locations":[{"start":{"line":443,"column":11},"end":{"line":447,"column":5}}]},"73":{"loc":{"start":{"line":499,"column":4},"end":{"line":501,"column":5}},"type":"if","locations":[{"start":{"line":499,"column":4},"end":{"line":501,"column":5}}]},"74":{"loc":{"start":{"line":506,"column":4},"end":{"line":510,"column":5}},"type":"if","locations":[{"start":{"line":506,"column":4},"end":{"line":510,"column":5}}]},"75":{"loc":{"start":{"line":519,"column":17},"end":{"line":519,"column":61}},"type":"cond-expr","locations":[{"start":{"line":519,"column":29},"end":{"line":519,"column":48}},{"start":{"line":519,"column":51},"end":{"line":519,"column":61}}]},"76":{"loc":{"start":{"line":532,"column":6},"end":{"line":542,"column":7}},"type":"if","locations":[{"start":{"line":532,"column":6},"end":{"line":542,"column":7}}]},"77":{"loc":{"start":{"line":564,"column":4},"end":{"line":566,"column":5}},"type":"if","locations":[{"start":{"line":564,"column":4},"end":{"line":566,"column":5}}]},"78":{"loc":{"start":{"line":571,"column":4},"end":{"line":575,"column":5}},"type":"if","locations":[{"start":{"line":571,"column":4},"end":{"line":575,"column":5}}]},"79":{"loc":{"start":{"line":597,"column":6},"end":{"line":607,"column":7}},"type":"if","locations":[{"start":{"line":597,"column":6},"end":{"line":607,"column":7}}]},"80":{"loc":{"start":{"line":629,"column":4},"end":{"line":631,"column":5}},"type":"if","locations":[{"start":{"line":629,"column":4},"end":{"line":631,"column":5}}]},"81":{"loc":{"start":{"line":663,"column":4},"end":{"line":665,"column":5}},"type":"if","locations":[{"start":{"line":663,"column":4},"end":{"line":665,"column":5}}]},"82":{"loc":{"start":{"line":667,"column":4},"end":{"line":669,"column":5}},"type":"if","locations":[{"start":{"line":667,"column":4},"end":{"line":669,"column":5}}]},"83":{"loc":{"start":{"line":671,"column":4},"end":{"line":679,"column":5}},"type":"if","locations":[{"start":{"line":671,"column":4},"end":{"line":679,"column":5}}]},"84":{"loc":{"start":{"line":671,"column":8},"end":{"line":671,"column":40}},"type":"binary-expr","locations":[{"start":{"line":671,"column":8},"end":{"line":671,"column":23}},{"start":{"line":671,"column":27},"end":{"line":671,"column":40}}]},"85":{"loc":{"start":{"line":673,"column":6},"end":{"line":675,"column":7}},"type":"if","locations":[{"start":{"line":673,"column":6},"end":{"line":675,"column":7}}]},"86":{"loc":{"start":{"line":676,"column":6},"end":{"line":678,"column":7}},"type":"if","locations":[{"start":{"line":676,"column":6},"end":{"line":678,"column":7}}]},"87":{"loc":{"start":{"line":696,"column":6},"end":{"line":696,"column":41}},"type":"if","locations":[{"start":{"line":696,"column":6},"end":{"line":696,"column":41}}]},"88":{"loc":{"start":{"line":709,"column":28},"end":{"line":709,"column":96}},"type":"binary-expr","locations":[{"start":{"line":709,"column":28},"end":{"line":709,"column":47}},{"start":{"line":709,"column":51},"end":{"line":709,"column":96}}]}},"s":{"0":1,"1":1,"2":1,"3":1,"4":1,"5":7,"6":7,"7":5,"8":0,"9":5,"10":2,"11":2,"12":1,"13":2,"14":0,"15":2,"16":0,"17":2,"18":0,"19":2,"20":0,"21":2,"22":0,"23":2,"24":2,"25":2,"26":2,"27":1,"28":1,"29":0,"30":1,"31":0,"32":1,"33":0,"34":1,"35":2,"36":2,"37":1,"38":2,"39":0,"40":0,"41":0,"42":0,"43":1,"44":1,"45":0,"46":1,"47":1,"48":0,"49":1,"50":0,"51":0,"52":0,"53":1,"54":0,"55":0,"56":0,"57":1,"58":0,"59":0,"60":0,"61":1,"62":1,"63":1,"64":1,"65":1,"66":1,"67":1,"68":0,"69":0,"70":1,"71":0,"72":0,"73":1,"74":1,"75":1,"76":1,"77":1,"78":1,"79":0,"80":0,"81":0,"82":0,"83":0,"84":0,"85":0,"86":0,"87":0,"88":0,"89":0,"90":0,"91":0,"92":0,"93":0,"94":0,"95":0,"96":0,"97":0,"98":0,"99":0,"100":0,"101":0,"102":0,"103":0,"104":0,"105":0,"106":0,"107":0,"108":0,"109":0,"110":0,"111":0,"112":0,"113":0,"114":0,"115":0,"116":0,"117":0,"118":0,"119":0,"120":0,"121":0,"122":0,"123":0,"124":0,"125":0,"126":0,"127":0,"128":0,"129":0,"130":0,"131":0,"132":0,"133":1,"134":1,"135":0,"136":1,"137":0,"138":1,"139":1,"140":0,"141":1,"142":1,"143":1,"144":1,"145":1,"146":0,"147":0,"148":1,"149":0,"150":0,"151":0,"152":1,"153":1,"154":1,"155":1,"156":1,"157":1,"158":1,"159":1,"160":0,"161":1,"162":1,"163":0,"164":1,"165":1,"166":1,"167":1,"168":1,"169":1,"170":1,"171":1,"172":1,"173":0,"174":1,"175":1,"176":0,"177":1,"178":1,"179":1,"180":1,"181":1,"182":1,"183":1,"184":0,"185":0,"186":0,"187":0,"188":0,"189":0,"190":0,"191":1,"192":1,"193":0,"194":1,"195":0,"196":1,"197":0,"198":0,"199":0,"200":0,"201":0,"202":1,"203":1,"204":1,"205":1,"206":1,"207":3,"208":0,"209":3,"210":3,"211":3,"212":3,"213":3,"214":3,"215":3,"216":3,"217":3,"218":3,"219":3,"220":3,"221":3,"222":1,"223":2,"224":1,"225":1,"226":1,"227":1},"f":{"0":7,"1":5,"2":2,"3":1,"4":0,"5":1,"6":1,"7":0,"8":0,"9":1,"10":1,"11":1,"12":1,"13":1,"14":1,"15":0,"16":0,"17":1,"18":2,"19":1},"b":{"0":[0],"1":[5,0],"2":[1],"3":[0],"4":[0],"5":[0],"6":[0],"7":[0],"8":[1,1],"9":[0,1],"10":[0,1],"11":[0,1],"12":[0],"13":[0],"14":[0],"15":[0],"16":[0],"17":[0],"18":[0],"19":[0],"20":[0],"21":[1,1],"22":[1,1],"23":[1,0],"24":[0,1],"25":[0],"26":[1,1],"27":[1,1],"28":[1,1],"29":[0],"30":[0,0],"31":[0,0],"32":[0],"33":[0,0],"34":[0],"35":[0],"36":[0,0],"37":[0],"38":[0],"39":[0],"40":[0],"41":[0],"42":[0],"43":[0],"44":[0,0],"45":[0,0],"46":[0,0],"47":[0,0],"48":[0],"49":[0,0],"50":[0,0],"51":[0,0],"52":[0,0],"53":[0,0],"54":[0,0],"55":[0,0],"56":[0,0],"57":[0,0],"58":[0,0],"59":[0,0],"60":[0,0],"61":[0,0],"62":[0,0],"63":[0,0],"64":[0,0],"65":[0],"66":[0,0],"67":[0,0],"68":[0],"69":[0],"70":[0],"71":[0,1],"72":[0],"73":[0],"74":[0],"75":[0,1],"76":[1],"77":[0],"78":[0],"79":[1],"80":[0],"81":[0],"82":[0],"83":[0],"84":[1,1],"85":[0],"86":[0],"87":[0],"88":[3,2]}}
,"C:\\Users\\selvakumar.rayappan\\Documents\\opsnext-crm\\apps\\api\\src\\opportunities\\dto\\change-stage.dto.ts": {"path":"C:\\Users\\selvakumar.rayappan\\Documents\\opsnext-crm\\apps\\api\\src\\opportunities\\dto\\change-stage.dto.ts","statementMap":{"0":{"start":{"line":1,"column":0},"end":{"line":1,"column":41}},"1":{"start":{"line":2,"column":0},"end":{"line":2,"column":46}},"2":{"start":{"line":4,"column":0},"end":{"line":4,"column":13}},"3":{"start":{"line":7,"column":2},"end":{"line":7,"column":null}}},"fnMap":{},"branchMap":{},"s":{"0":0,"1":0,"2":0,"3":0},"f":{},"b":{}}
,"C:\\Users\\selvakumar.rayappan\\Documents\\opsnext-crm\\apps\\api\\src\\opportunities\\dto\\create-opportunity.dto.ts": {"path":"C:\\Users\\selvakumar.rayappan\\Documents\\opsnext-crm\\apps\\api\\src\\opportunities\\dto\\create-opportunity.dto.ts","statementMap":{"0":{"start":{"line":1,"column":0},"end":{"line":1,"column":118}},"1":{"start":{"line":2,"column":0},"end":{"line":2,"column":67}},"2":{"start":{"line":4,"column":0},"end":{"line":4,"column":13}},"3":{"start":{"line":8,"column":2},"end":{"line":8,"column":null}},"4":{"start":{"line":13,"column":2},"end":{"line":13,"column":null}},"5":{"start":{"line":18,"column":2},"end":{"line":18,"column":null}},"6":{"start":{"line":22,"column":2},"end":{"line":22,"column":null}},"7":{"start":{"line":26,"column":2},"end":{"line":26,"column":null}},"8":{"start":{"line":30,"column":2},"end":{"line":30,"column":null}},"9":{"start":{"line":35,"column":2},"end":{"line":35,"column":null}},"10":{"start":{"line":40,"column":2},"end":{"line":40,"column":null}},"11":{"start":{"line":45,"column":2},"end":{"line":45,"column":null}},"12":{"start":{"line":52,"column":2},"end":{"line":52,"column":null}}},"fnMap":{},"branchMap":{},"s":{"0":0,"1":0,"2":0,"3":0,"4":0,"5":0,"6":0,"7":0,"8":0,"9":0,"10":0,"11":0,"12":0},"f":{},"b":{}}
,"C:\\Users\\selvakumar.rayappan\\Documents\\opsnext-crm\\apps\\api\\src\\opportunities\\dto\\forecast-query.dto.ts": {"path":"C:\\Users\\selvakumar.rayappan\\Documents\\opsnext-crm\\apps\\api\\src\\opportunities\\dto\\forecast-query.dto.ts","statementMap":{"0":{"start":{"line":1,"column":0},"end":{"line":1,"column":67}},"1":{"start":{"line":2,"column":0},"end":{"line":2,"column":54}},"2":{"start":{"line":4,"column":0},"end":{"line":4,"column":13}},"3":{"start":{"line":8,"column":2},"end":{"line":8,"column":null}},"4":{"start":{"line":13,"column":2},"end":{"line":13,"column":null}},"5":{"start":{"line":18,"column":2},"end":{"line":18,"column":null}}},"fnMap":{},"branchMap":{},"s":{"0":0,"1":0,"2":0,"3":0,"4":0,"5":0},"f":{},"b":{}}
[...]
cuments\\opsnext-crm\\apps\\api\\src\\pipelines\\pipelines.service.ts","statementMap":{"0":{"start":{"line":1,"column":0},"end":{"line":1,"column":null}},"1":{"start":{"line":8,"column":0},"end":{"line":8,"column":57}},"2":{"start":{"line":9,"column":0},"end":{"line":9,"column":54}},"3":{"start":{"line":16,"column":7},"end":{"line":386,"column":null}},"4":{"start":{"line":18,"column":21},"end":{"line":18,"column":29}},"5":{"start":{"line":19,"column":21},"end":{"line":19,"column":28}},"6":{"start":{"line":27,"column":4},"end":{"line":35,"column":7}},"7":{"start":{"line":39,"column":21},"end":{"line":46,"column":6}},"8":{"start":{"line":48,"column":4},"end":{"line":50,"column":5}},"9":{"start":{"line":49,"column":6},"end":{"line":49,"column":62}},"10":{"start":{"line":52,"column":4},"end":{"line":52,"column":20}},"11":{"start":{"line":57,"column":22},"end":{"line":59,"column":6}},"12":{"start":{"line":60,"column":4},"end":{"line":62,"column":5}},"13":{"start":{"line":61,"column":6},"end":{"line":61,"column":85}},"14":{"start":{"line":64,"column":18},"end":{"line":66,"column":6}},"15":{"start":{"line":68,"column":22},"end":{"line":68,"column":65}},"16":{"start":{"line":70,"column":21},"end":{"line":87,"column":6}},"17":{"start":{"line":71,"column":6},"end":{"line":77,"column":7}},"18":{"start":{"line":73,"column":8},"end":{"line":76,"column":11}},"19":{"start":{"line":79,"column":6},"end":{"line":86,"column":9}},"20":{"start":{"line":89,"column":4},"end":{"line":96,"column":7}},"21":{"start":{"line":98,"column":4},"end":{"line":98,"column":20}},"22":{"start":{"line":102,"column":21},"end":{"line":102,"column":51}},"23":{"start":{"line":104,"column":4},"end":{"line":111,"column":5}},"24":{"start":{"line":105,"column":24},"end":{"line":107,"column":8}},"25":{"start":{"line":108,"column":6},"end":{"line":110,"column":7}},"26":{"start":{"line":109,"column":8},"end":{"line":109,"column":87}},"27":{"start":{"line":113,"column":21},"end":{"line":133,"column":6}},"28":{"start":{"line":114,"column":6},"end":{"line":119,"column":7}},"29":{"start":{"line":115,"column":8},"end":{"line":118,"column":11}},"30":{"start":{"line":121,"column":6},"end":{"line":132,"column":9}},"31":{"start":{"line":135,"column":4},"end":{"line":143,"column":7}},"32":{"start":{"line":145,"column":4},"end":{"line":145,"column":20}},"33":{"start":{"line":149,"column":21},"end":{"line":149,"column":51}},"34":{"start":{"line":151,"column":4},"end":{"line":153,"column":5}},"35":{"start":{"line":152,"column":6},"end":{"line":152,"column":74}},"36":{"start":{"line":155,"column":21},"end":{"line":157,"column":6}},"37":{"start":{"line":158,"column":4},"end":{"line":160,"column":5}},"38":{"start":{"line":159,"column":6},"end":{"line":159,"column":90}},"39":{"start":{"line":162,"column":4},"end":{"line":170,"column":7}},"40":{"start":{"line":164,"column":6},"end":{"line":166,"column":9}},"41":{"start":{"line":167,"column":6},"end":{"line":169,"column":9}},"42":{"start":{"line":172,"column":4},"end":{"line":179,"column":7}},"43":{"start":{"line":188,"column":4},"end":{"line":188,"column":43}},"44":{"start":{"line":190,"column":22},"end":{"line":192,"column":6}},"45":{"start":{"line":193,"column":4},"end":{"line":197,"column":5}},"46":{"start":{"line":194,"column":6},"end":{"line":196,"column":8}},"47":{"start":{"line":199,"column":18},"end":{"line":201,"column":6}},"48":{"start":{"line":203,"column":18},"end":{"line":212,"column":6}},"49":{"start":{"line":214,"column":4},"end":{"line":227,"column":7}},"50":{"start":{"line":229,"column":4},"end":{"line":229,"column":17}},"51":{"start":{"line":240,"column":4},"end":{"line":240,"column":43}},"52":{"start":{"line":242,"column":21},"end":{"line":244,"column":6}},"53":{"start":{"line":245,"column":4},"end":{"line":247,"column":5}},"54":{"start":{"line":246,"column":6},"end":{"line":246,"column":90}},"55":{"start":{"line":249,"column":4},"end":{"line":258,"column":5}},"56":{"start":{"line":250,"column":24},"end":{"line":252,"column":8}},"57":{"start":{"line":253,"column":6},"end":{"line":257,"column":7}},"58":{"start":{"line":254,"column":8},"end":{"line":256,"column":10}},"59":{"start":{"line":260,"column":18},"end":{"line":267,"column":6}},"60":{"start":{"line":269,"column":4},"end":{"line":285,"column":7}},"61":{"start":{"line":287,"column":4},"end":{"line":287,"column":17}},"62":{"start":{"line":291,"column":4},"end":{"line":291,"column":43}},"63":{"start":{"line":293,"column":21},"end":{"line":295,"column":6}},"64":{"start":{"line":296,"column":4},"end":{"line":298,"column":5}},"65":{"start":{"line":297,"column":6},"end":{"line":297,"column":90}},"66":{"start":{"line":301,"column":21},"end":{"line":303,"column":6}},"67":{"start":{"line":304,"column":4},"end":{"line":306,"column":5}},"68":{"start":{"line":305,"column":6},"end":{"line":305,"column":84}},"69":{"start":{"line":308,"column":26},"end":{"line":311,"column":6}},"70":{"start":{"line":313,"column":4},"end":{"line":315,"column":5}},"71":{"start":{"line":314,"column":6},"end":{"line":314,"column":82}},"72":{"start":{"line":317,"column":4},"end":{"line":333,"column":7}},"73":{"start":{"line":319,"column":6},"end":{"line":321,"column":9}},"74":{"start":{"line":324,"column":24},"end":{"line":324,"column":69}},"75":{"start":{"line":324,"column":52},"end":{"line":324,"column":68}},"76":{"start":{"line":325,"column":6},"end":{"line":332,"column":7}},"77":{"start":{"line":325,"column":19},"end":{"line":325,"column":20}},"78":{"start":{"line":326,"column":8},"end":{"line":331,"column":9}},"79":{"start":{"line":327,"column":10},"end":{"line":330,"column":13}},"80":{"start":{"line":335,"column":4},"end":{"line":342,"column":7}},"81":{"start":{"line":346,"column":4},"end":{"line":346,"column":43}},"82":{"start":{"line":348,"column":26},"end":{"line":351,"column":6}},"83":{"start":{"line":353,"column":23},"end":{"line":353,"column":53}},"84":{"start":{"line":353,"column":48},"end":{"line":353,"column":52}},"85":{"start":{"line":356,"column":4},"end":{"line":361,"column":5}},"86":{"start":{"line":358,"column":30},"end":{"line":358,"column":53}},"87":{"start":{"line":360,"column":6},"end":{"line":360,"column":93}},"88":{"start":{"line":363,"column":4},"end":{"line":370,"column":7}},"89":{"start":{"line":364,"column":6},"end":{"line":369,"column":7}},"90":{"start":{"line":364,"column":19},"end":{"line":364,"column":20}},"91":{"start":{"line":365,"column":8},"end":{"line":368,"column":11}},"92":{"start":{"line":372,"column":4},"end":{"line":379,"column":7}},"93":{"start":{"line":381,"column":4},"end":{"line":384,"column":7}},"94":{"start":{"line":16,"column":13},"end":{"line":16,"column":29}},"95":{"start":{"line":16,"column":13},"end":{"line":386,"column":null}}},"fnMap":{"0":{"name":"(anonymous_2)","decl":{"start":{"line":17,"column":2},"end":{"line":17,"column":null}},"loc":{"start":{"line":19,"column":40},"end":{"line":20,"column":6}}},"1":{"name":"(anonymous_3)","decl":{"start":{"line":26,"column":2},"end":{"line":26,"column":7}},"loc":{"start":{"line":26,"column":29},"end":{"line":36,"column":3}}},"2":{"name":"(anonymous_4)","decl":{"start":{"line":38,"column":2},"end":{"line":38,"column":7}},"loc":{"start":{"line":38,"column":42},"end":{"line":53,"column":3}}},"3":{"name":"(anonymous_5)","decl":{"start":{"line":55,"column":2},"end":{"line":55,"column":7}},"loc":{"start":{"line":55,"column":69},"end":{"line":99,"column":3}}},"4":{"name":"(anonymous_6)","decl":{"start":{"line":70,"column":52},"end":{"line":70,"column":57}},"loc":{"start":{"line":70,"column":65},"end":{"line":87,"column":5}}},"5":{"name":"(anonymous_7)","decl":{"start":{"line":101,"column":2},"end":{"line":101,"column":7}},"loc":{"start":{"line":101,"column":81},"end":{"line":146,"column":3}}},"6":{"name":"(anonymous_8)","decl":{"start":{"line":113,"column":52},"end":{"line":113,"column":57}},"loc":{"start":{"line":113,"column":65},"end":{"line":133,"column":5}}},"7":{"name":"(anonymous_9)","decl":{"start":{"line":148,"column":2},"end":{"line":148,"column":7}},"loc":{"start":{"line":148,"column":57},"end":{"line":180,"column":3}}},"8":{"name":"(anonymous_10)","decl":{"start":{"line":162,"column":35},"end":{"line":162,"column":40}},"loc":{"start":{"line":162,"column":48},"end":{"line":170,"column":5}}},"9":{"name":"(anonymous_11)","decl":{"start":{"line":186,"column":2},"end":{"line":186,"column":7}},"loc":{"start":{"line":186,"column":91},"end":{"line":230,"column":3}}},"10":{"name":"(anonymous_12)","decl":{"start":{"line":232,"column":2},"end":{"line":232,"column":7}},"loc":{"start":{"line":237,"column":17},"end":{"line":288,"column":3}}},"11":{"name":"(anonymous_13)","decl":{"start":{"line":290,"column":2},"end":{"line":290,"column":7}},"loc":{"start":{"line":290,"column":87},"end":{"line":343,"column":3}}},"12":{"name":"(anonymous_14)","decl":{"start":{"line":317,"column":35},"end":{"line":317,"column":40}},"loc":{"start":{"line":317,"column":48},"end":{"line":333,"column":5}}},"13":{"name":"(anonymous_15)","decl":{"start":{"line":324,"column":45},"end":{"line":324,"column":46}},"loc":{"start":{"line":324,"column":52},"end":{"line":324,"column":68}}},"14":{"name":"(anonymous_16)","decl":{"start":{"line":345,"column":2},"end":{"line":345,"column":7}},"loc":{"start":{"line":345,"column":92},"end":{"line":385,"column":3}}},"15":{"name":"(anonymous_17)","decl":{"start":{"line":353,"column":41},"end":{"line":353,"column":42}},"loc":{"start":{"line":353,"column":48},"end":{"line":353,"column":52}}},"16":{"name":"(anonymous_18)","decl":{"start":{"line":358,"column":22},"end":{"line":358,"column":23}},"loc":{"start":{"line":358,"column":30},"end":{"line":358,"column":53}}},"17":{"name":"(anonymous_19)","decl":{"start":{"line":363,"column":35},"end":{"line":363,"column":40}},"loc":{"start":{"line":363,"column":48},"end":{"line":370,"column":5}}}},"branchMap":{"0":{"loc":{"start":{"line":48,"column":4},"end":{"line":50,"column":5}},"type":"if","locations":[{"start":{"line":48,"column":4},"end":{"line":50,"column":5}}]},"1":{"loc":{"start":{"line":60,"column":4},"end":{"line":62,"column":5}},"type":"if","locations":[{"start":{"line":60,"column":4},"end":{"line":62,"column":5}}]},"2":{"loc":{"start":{"line":68,"column":22},"end":{"line":68,"column":65}},"type":"cond-expr","locations":[{"start":{"line":68,"column":36},"end":{"line":68,"column":40}},{"start":{"line":68,"column":43},"end":{"line":68,"column":65}}]},"3":{"loc":{"start":{"line":68,"column":43},"end":{"line":68,"column":65}},"type":"binary-expr","locations":[{"start":{"line":68,"column":43},"end":{"line":68,"column":56}},{"start":{"line":68,"column":60},"end":{"line":68,"column":65}}]},"4":{"loc":{"start":{"line":71,"column":6},"end":{"line":77,"column":7}},"type":"if","locations":[{"start":{"line":71,"column":6},"end":{"line":77,"column":7}}]},"5":{"loc":{"start":{"line":104,"column":4},"end":{"line":111,"column":5}},"type":"if","locations":[{"start":{"line":104,"column":4},"end":{"line":111,"column":5}}]},"6":{"loc":{"start":{"line":104,"column":8},"end":{"line":104,"column":46}},"type":"binary-expr","locations":[{"start":{"line":104,"column":8},"end":{"line":104,"column":16}},{"start":{"line":104,"column":20},"end":{"line":104,"column":46}}]},"7":{"loc":{"start":{"line":108,"column":6},"end":{"line":110,"column":7}},"type":"if","locations":[{"start":{"line":108,"column":6},"end":{"line":110,"column":7}}]},"8":{"loc":{"start":{"line":114,"column":6},"end":{"line":119,"column":7}},"type":"if","locations":[{"start":{"line":114,"column":6},"end":{"line":119,"column":7}}]},"9":{"loc":{"start":{"line":114,"column":10},"end":{"line":114,"column":55}},"type":"binary-expr","locations":[{"start":{"line":114,"column":10},"end":{"line":114,"column":32}},{"start":{"line":114,"column":36},"end":{"line":114,"column":55}}]},"10":{"loc":{"start":{"line":124,"column":14},"end":{"line":124,"column":58}},"type":"binary-expr","locations":[{"start":{"line":124,"column":14},"end":{"line":124,"column":36}},{"start":{"line":124,"column":40},"end":{"line":124,"column":58}}]},"11":{"loc":{"start":{"line":125,"column":14},"end":{"line":125,"column":73}},"type":"binary-expr","locations":[{"start":{"line":125,"column":14},"end":{"line":125,"column":41}},{"start":{"line":125,"column":45},"end":{"line":125,"column":73}}]},"12":{"loc":{"start":{"line":151,"column":4},"end":{"line":153,"column":5}},"type":"if","locations":[{"start":{"line":151,"column":4},"end":{"line":153,"column":5}}]},"13":{"loc":{"start":{"line":158,"column":4},"end":{"line":160,"column":5}},"type":"if","locations":[{"start":{"line":158,"column":4},"end":{"line":160,"column":5}}]},"14":{"loc":{"start":{"line":193,"column":4},"end":{"line":197,"column":5}},"type":"if","locations":[{"start":{"line":193,"column":4},"end":{"line":197,"column":5}}]},"15":{"loc":{"start":{"line":208,"column":21},"end":{"line":208,"column":42}},"type":"binary-expr","locations":[{"start":{"line":208,"column":21},"end":{"line":208,"column":36}},{"start":{"line":208,"column":40},"end":{"line":208,"column":42}}]},"16":{"loc":{"start":{"line":209,"column":19},"end":{"line":209,"column":42}},"type":"binary-expr","locations":[{"start":{"line":209,"column":19},"end":{"line":209,"column":32}},{"start":{"line":209,"column":36},"end":{"line":209,"column":42}}]},"17":{"loc":{"start":{"line":245,"column":4},"end":{"line":247,"column":5}},"type":"if","locations":[{"start":{"line":245,"column":4},"end":{"line":247,"column":5}}]},"18":{"loc":{"start":{"line":249,"column":4},"end":{"line":258,"column":5}},"type":"if","locations":[{"start":{"line":249,"column":4},"end":{"line":258,"column":5}}]},"19":{"loc":{"start":{"line":249,"column":8},"end":{"line":249,"column":46}},"type":"binary-expr","locations":[{"start":{"line":249,"column":8},"end":{"line":249,"column":16}},{"start":{"line":249,"column":20},"end":{"line":249,"column":46}}]},"20":{"loc":{"start":{"line":253,"column":6},"end":{"line":257,"column":7}},"type":"if","locations":[{"start":{"line":253,"column":6},"end":{"line":257,"column":7}}]},"21":{"loc":{"start":{"line":263,"column":12},"end":{"line":263,"column":56}},"type":"binary-expr","locations":[{"start":{"line":263,"column":12},"end":{"line":263,"column":34}},{"start":{"line":263,"column":38},"end":{"line":263,"column":56}}]},"22":{"loc":{"start":{"line":264,"column":12},"end":{"line":264,"column":77}},"type":"binary-expr","locations":[{"start":{"line":264,"column":12},"end":{"line":264,"column":41}},{"start":{"line":264,"column":45},"end":{"line":264,"column":77}}]},"23":{"loc":{"start":{"line":265,"column":12},"end":{"line":265,"column":71}},"type":"binary-expr","locations":[{"start":{"line":265,"column":12},"end":{"line":265,"column":39}},{"start":{"line":265,"column":43},"end":{"line":265,"column":71}}]},"24":{"loc":{"start":{"line":296,"column":4},"end":{"line":298,"column":5}},"type":"if","locations":[{"start":{"line":296,"column":4},"end":{"line":298,"column":5}}]},"25":{"loc":{"start":{"line":304,"column":4},"end":{"line":306,"column":5}},"type":"if","locations":[{"start":{"line":304,"column":4},"end":{"line":306,"column":5}}]},"26":{"loc":{"start":{"line":313,"column":4},"end":{"line":315,"column":5}},"type":"if","locations":[{"start":{"line":313,"column":4},"end":{"line":315,"column":5}}]},"27":{"loc":{"start":{"line":326,"column":8},"end":{"line":331,"column":9}},"type":"if","locations":[{"start":{"line":326,"column":8},"end":{"line":331,"column":9}}]},"28":{"loc":{"start":{"line":356,"column":4},"end":{"line":361,"column":5}},"type":"if","locations":[{"start":{"line":356,"column":4},"end":{"line":361,"column":5}}]},"29":{"loc":{"start":{"line":357,"column":6},"end":{"line":358,"column":54}},"type":"binary-expr","locations":[{"start":{"line":357,"column":6},"end":{"line":357,"column":43}},{"start":{"line":358,"column":6},"end":{"line":358,"column":54}}]}},"s":{"0":1,"1":1,"2":1,"3":1,"4":12,"5":12,"6":1,"7":9,"8":9,"9":1,"10":8,"11":2,"12":2,"13":1,"14":1,"15":1,"16":1,"17":1,"18":1,"19":1,"20":1,"21":1,"22":1,"23":1,"24":0,"25":0,"26":0,"27":1,"28":1,"29":1,"30":1,"31":1,"32":1,"33":3,"34":3,"35":1,"36":2,"37":2,"38":1,"39":1,"40":1,"41":1,"42":1,"43":1,"44":1,"45":1,"46":0,"47":1,"48":1,"49":1,"50":1,"51":0,"52":0,"53":0,"54":0,"55":0,"56":0,"57":0,"58":0,"59":0,"60":0,"61":0,"62":1,"63":1,"64":1,"65":0,"66":1,"67":1,"68":0,"69":1,"70":1,"71":0,"72":1,"73":1,"74":1,"75":3,"76":1,"77":1,"78":2,"79":1,"80":1,"81":1,"82":1,"83":1,"84":2,"85":1,"86":2,"87":0,"88":1,"89":1,"90":1,"91":2,"92":1,"93":1,"94":1,"95":1},"f":{"0":12,"1":1,"2":9,"3":2,"4":1,"5":1,"6":1,"7":3,"8":1,"9":1,"10":0,"11":1,"12":1,"13":3,"14":1,"15":2,"16":2,"17":1},"b":{"0":[1],"1":[1],"2":[1,0],"3":[0,0],"4":[1],"5":[0],"6":[1,0],"7":[0],"8":[1],"9":[1,1],"10":[1,0],"11":[1,1],"12":[1],"13":[1],"14":[0],"15":[1,0],"16":[1,1],"17":[0],"18":[0],"19":[0,0],"20":[0],"21":[0,0],"22":[0,0],"23":[0,0],"24":[0],"25":[0],"26":[0],"27":[1],"28":[0],"29":[1,1]}}
,"C:\\Users\\selvakumar.rayappan\\Documents\\opsnext-crm\\apps\\api\\src\\pipelines\\dto\\create-pipeline.dto.ts": {"path":"C:\\Users\\selvakumar.rayappan\\Documents\\opsnext-crm\\apps\\api\\src\\pipelines\\dto\\create-pipeline.dto.ts","statementMap":{"0":{"start":{"line":1,"column":0},"end":{"line":1,"column":78}},"1":{"start":{"line":2,"column":0},"end":{"line":2,"column":67}},"2":{"start":{"line":4,"column":0},"end":{"line":4,"column":13}},"3":{"start":{"line":8,"column":2},"end":{"line":8,"column":null}},"4":{"start":{"line":13,"column":2},"end":{"line":13,"column":null}}},"fnMap":{},"branchMap":{},"s":{"0":0,"1":0,"2":0,"3":0,"4":0},"f":{},"b":{}}
,"C:\\Users\\selvakumar.rayappan\\Documents\\opsnext-crm\\apps\\api\\src\\pipelines\\dto\\create-stage.dto.ts": {"path":"C:\\Users\\selvakumar.rayappan\\Documents\\opsnext-crm\\apps\\api\\src\\pipelines\\dto\\create-stage.dto.ts","statementMap":{"0":{"start":{"line":1,"column":0},"end":{"line":1,"column":92}},"1":{"start":{"line":2,"column":0},"end":{"line":2,"column":67}},"2":{"start":{"line":3,"column":0},"end":{"line":3,"column":43}},"3":{"start":{"line":5,"column":0},"end":{"line":5,"column":13}},"4":{"start":{"line":9,"column":2},"end":{"line":9,"column":null}},"5":{"start":{"line":16,"column":2},"end":{"line":16,"column":null}},"6":{"start":{"line":21,"column":2},"end":{"line":21,"column":null}}},"fnMap":{},"branchMap":{},"s":{"0":0,"1":0,"2":0,"3":0,"4":0,"5":0,"6":0},"f":{},"b":{}}
,"C:\\Users\\selvakumar.rayappan\\Documents\\opsnext-crm\\apps\\api\\src\\pipelines\\dto\\reorder-stages.dto.ts": {"path":"C:\\Users\\selvakumar.rayappan\\Documents\\opsnext-crm\\apps\\api\\src\\pipelines\\dto\\reorder-stages.dto.ts","statementMap":{"0":{"start":{"line":1,"column":0},"end":{"line":1,"column":64}},"1":{"start":{"line":2,"column":0},"end":{"line":2,"column":46}},"2":{"start":{"line":4,"column":0},"end":{"line":4,"column":13}},"3":{"start":{"line":9,"column":2},"end":{"line":9,"column":null}}},"fnMap":{},"branchMap":{},"s":{"0":0,"1":0,"2":0,"3":0},"f":{},"b":{}}
,"C:\\Users\\selvakumar.rayappan\\Documents\\opsnext-crm\\apps\\api\\src\\pipelines\\dto\\update-pipeline.dto.ts": {"path":"C:\\Users\\selvakumar.rayappan\\Documents\\opsnext-crm\\apps\\api\\src\\pipelines\\dto\\update-pipeline.dto.ts","statementMap":{"0":{"start":{"line":1,"column":0},"end":{"line":1,"column":46}},"1":{"start":{"line":2,"column":0},"end":{"line":2,"column":58}},"2":{"start":{"line":4,"column":0},"end":{"line":4,"column":13}}},"fnMap":{},"branchMap":{},"s":{"0":0,"1":0,"2":0},"f":{},"b":{}}
,"C:\\Users\\selvakumar.rayappan\\Documents\\opsnext-crm\\apps\\api\\src\\pipelines\\dto\\update-stage.dto.ts": {"path":"C:\\Users\\selvakumar.rayappan\\Documents\\opsnext-crm\\apps\\api\\src\\pipelines\\dto\\update-stage.dto.ts","statementMap":{"0":{"start":{"line":1,"column":0},"end":{"line":1,"column":46}},"1":{"start":{"line":2,"column":0},"end":{"line":2,"column":52}},"2":{"start":{"line":4,"column":0},"end":{"line":4,"column":13}}},"fnMap":{},"branchMap":{},"s":{"0":0,"1":0,"2":0},"f":{},"b":{}}
}
