TN:
SF:src\leads\leads.controller.ts
FN:47,(anonymous_4)
FN:69,(anonymous_5)
FN:84,(anonymous_6)
FN:99,(anonymous_7)
FN:118,(anonymous_8)
FN:139,(anonymous_9)
FN:158,(anonymous_10)
FN:180,(anonymous_11)
FN:200,(anonymous_12)
FN:221,(anonymous_13)
FNF:10
FNH:0
FNDA:0,(anonymous_4)
FNDA:0,(anonymous_5)
FNDA:0,(anonymous_6)
FNDA:0,(anonymous_7)
FNDA:0,(anonymous_8)
FNDA:0,(anonymous_9)
FNDA:0,(anonymous_10)
FNDA:0,(anonymous_11)
FNDA:0,(anonymous_12)
FNDA:0,(anonymous_13)
DA:1,0
DA:14,0
DA:25,0
DA:26,0
DA:27,0
DA:28,0
DA:29,0
DA:30,0
DA:31,0
DA:32,0
DA:33,0
DA:34,0
DA:43,0
DA:47,0
DA:48,0
DA:68,0
DA:69,0
DA:84,0
DA:88,0
DA:99,0
DA:103,0
DA:118,0
DA:122,0
DA:139,0
DA:143,0
DA:158,0
DA:163,0
DA:180,0
DA:184,0
DA:200,0
DA:205,0
DA:221,0
DA:226,0
LF:33
LH:0
BRF:0
BRH:0
end_of_record
TN:
SF:src\leads\leads.module.ts
FNF:0
FNH:0
DA:1,0
DA:2,0
DA:3,0
DA:4,0
DA:5,0
DA:13,0
LF:6
LH:0
BRF:0
BRH:0
end_of_record
TN:
SF:src\leads\leads.service.ts
FN:66,(anonymous_2)
FN:79,(anonymous_3)
FN:130,(anonymous_4)
FN:148,(anonymous_5)
FN:184,(anonymous_6)
FN:248,(anonymous_7)
FN:266,(anonymous_8)
FN:310,(anonymous_9)
FN:326,(anonymous_10)
FN:433,(anonymous_11)
FN:442,(anonymous_12)
FN:443,(anonymous_13)
FN:454,(anonymous_14)
FNF:13
FNH:13
FNDA:11,(anonymous_2)
FNDA:2,(anonymous_3)
FNDA:6,(anonymous_4)
FNDA:1,(anonymous_5)
FNDA:1,(anonymous_6)
FNDA:1,(anonymous_7)
FNDA:2,(anonymous_8)
FNDA:1,(anonymous_9)
FNDA:1,(anonymous_10)
FNDA:1,(anonymous_11)
FNDA:3,(anonymous_12)
FNDA:3,(anonymous_13)
FNDA:1,(anonymous_14)
DA:1,1
DA:6,1
DA:7,1
DA:8,1
DA:9,1
DA:60,1
DA:65,1
DA:67,11
DA:68,11
DA:85,2
DA:87,2
DA:90,2
DA:91,1
DA:92,1
DA:93,0
DA:96,2
DA:97,0
DA:100,2
DA:101,0
DA:102,0
DA:110,2
DA:112,2
DA:123,2
DA:131,6
DA:136,6
DA:137,1
DA:140,5
DA:149,1
DA:166,1
DA:180,1
DA:190,1
DA:192,1
DA:204,1
DA:221,1
DA:241,1
DA:249,1
DA:251,1
DA:253,1
DA:272,2
DA:273,1
DA:278,1
DA:280,1
DA:286,1
DA:296,1
DA:320,1
DA:322,1
DA:323,0
DA:326,1
DA:328,1
DA:344,1
DA:346,1
DA:348,1
DA:349,1
DA:353,1
DA:354,0
DA:358,1
DA:362,1
DA:368,1
DA:369,0
DA:374,1
DA:391,1
DA:402,1
DA:403,1
DA:404,1
DA:410,1
DA:413,1
DA:425,1
DA:438,1
DA:441,1
DA:442,3
DA:443,3
DA:445,1
DA:446,1
DA:447,1
DA:454,1
DA:455,1
DA:460,1
DA:462,1
DA:463,3
DA:465,3
DA:466,1
DA:467,1
DA:470,2
DA:472,2
DA:473,2
DA:474,1
DA:475,1
DA:477,1
DA:480,1
DA:481,1
DA:496,1
DA:498,0
DA:505,1
DA:517,1
LF:94
LH:86
BRDA:90,0,0,1
BRDA:90,0,1,1
BRDA:92,1,0,0
BRDA:96,2,0,0
BRDA:100,3,0,0
BRDA:100,4,0,2
BRDA:100,4,1,0
BRDA:136,5,0,1
BRDA:154,6,0,1
BRDA:154,6,1,0
BRDA:155,7,0,1
BRDA:155,7,1,1
BRDA:156,8,0,1
BRDA:156,8,1,1
BRDA:157,9,0,1
BRDA:157,9,1,1
BRDA:158,10,0,1
BRDA:158,10,1,1
BRDA:159,11,0,1
BRDA:159,11,1,1
BRDA:160,12,0,1
BRDA:160,12,1,1
BRDA:161,13,0,1
BRDA:161,13,1,1
BRDA:207,14,0,1
BRDA:207,14,1,1
BRDA:208,15,0,1
BRDA:208,15,1,0
BRDA:209,16,0,1
BRDA:209,16,1,0
BRDA:210,17,0,1
BRDA:210,17,1,0
BRDA:211,18,0,1
BRDA:211,18,1,0
BRDA:212,19,0,1
BRDA:212,19,1,0
BRDA:213,20,0,1
BRDA:213,20,1,0
BRDA:214,21,0,1
BRDA:214,21,1,0
BRDA:215,22,0,1
BRDA:215,22,1,0
BRDA:216,23,0,1
BRDA:216,23,1,0
BRDA:272,24,0,1
BRDA:322,25,0,0
BRDA:333,26,0,1
BRDA:333,26,1,0
BRDA:334,27,0,1
BRDA:334,27,1,0
BRDA:335,28,0,1
BRDA:335,28,1,0
BRDA:336,29,0,1
BRDA:336,29,1,0
BRDA:337,30,0,1
BRDA:337,30,1,0
BRDA:344,31,0,1
BRDA:348,32,0,1
BRDA:353,33,0,0
BRDA:368,34,0,0
BRDA:377,35,0,1
BRDA:377,35,1,0
BRDA:381,36,0,1
BRDA:381,36,1,0
BRDA:384,37,0,1
BRDA:384,37,1,0
BRDA:397,38,0,1
BRDA:397,38,1,0
BRDA:403,39,0,1
BRDA:406,40,0,1
BRDA:406,40,1,0
BRDA:421,41,0,1
BRDA:421,41,1,0
BRDA:446,42,0,1
BRDA:455,43,0,1
BRDA:465,44,0,1
BRDA:465,45,0,3
BRDA:465,45,1,2
BRDA:472,46,0,2
BRDA:473,47,0,1
BRDA:473,48,0,2
BRDA:473,48,1,1
BRDA:486,49,0,1
BRDA:486,49,1,0
BRDA:487,50,0,1
BRDA:487,50,1,1
BRDA:488,51,0,1
BRDA:488,51,1,1
BRDA:489,52,0,1
BRDA:489,52,1,1
BRDA:490,53,0,1
BRDA:490,53,1,1
BRDA:491,54,0,1
BRDA:491,54,1,1
BRDA:492,55,0,1
BRDA:492,55,1,1
BRDA:493,56,0,1
BRDA:493,56,1,1
BRDA:500,57,0,0
BRDA:500,57,1,0
BRF:100
BRH:69
end_of_record
TN:
SF:src\leads\dto\convert-lead.dto.ts
FN:13,(anonymous_2)
FN:26,(anonymous_3)
FN:42,(anonymous_4)
FNF:3
FNH:0
FNDA:0,(anonymous_2)
FNDA:0,(anonymous_3)
FNDA:0,(anonymous_4)
DA:1,0
DA:10,0
DA:11,0
DA:13,0
DA:20,0
DA:26,0
DA:28,0
DA:35,0
DA:42,0
DA:45,0
LF:10
LH:0
BRF:0
BRH:0
end_of_record
TN:
SF:src\leads\dto\create-lead.dto.ts
FN:67,(anonymous_2)
FNF:1
FNH:0
FNDA:0,(anonymous_2)
DA:1,0
DA:12,0
DA:13,0
DA:14,0
DA:16,0
DA:20,0
DA:25,0
DA:30,0
DA:36,0
DA:42,0
DA:48,0
DA:57,0
DA:67,0
DA:71,0
DA:76,0
DA:81,0
LF:16
LH:0
BRF:0
BRH:0
end_of_record
TN:
SF:src\leads\dto\list-leads-query.dto.ts
FN:6,(anonymous_2)
FN:9,(anonymous_3)
FN:16,(anonymous_4)
FNF:3
FNH:0
FNDA:0,(anonymous_2)
FNDA:0,(anonymous_3)
FNDA:0,(anonymous_4)
DA:1,0
DA:2,0
DA:3,0
DA:4,0
DA:6,0
DA:9,0
DA:12,0
DA:16,0
DA:20,0
DA:25,0
DA:30,0
DA:35,0
DA:44,0
DA:53,0
LF:14
LH:0
BRF:0
BRH:0
end_of_record
TN:
SF:src\leads\dto\update-lead.dto.ts
FNF:0
FNH:0
DA:1,0
DA:2,0
DA:4,0
LF:3
LH:0
BRF:0
BRH:0
end_of_record
TN:
SF:src\opportunities\opportunities.module.ts
FNF:0
FNH:0
DA:1,0
DA:2,0
DA:3,0
DA:4,0
DA:5,0
DA:13,0
LF:6
LH:0
BRF:0
BRH:0
end_of_record
TN:
SF:src\opportunities\opportunities.service.ts
FN:18,(anonymous_2)
FN:27,(anonymous_3)
FN:39,(anonymous_4)
FN:100,(anonymous_5)
FN:113,(anonymous_6)
FN:140,(anonymous_7)
FN:202,(anonymous_8)
FN:262,(anonymous_9)
FN:348,(anonymous_10)
FN:414,(anonymous_11)
FN:449,(anonymous_12)
FN:495,(anonymous_13)
FN:512,(anonymous_14)
FN:560,(anonymous_15)
FN:577,(anonymous_16)
FN:625,(anonymous_17)
FN:633,(anonymous_18)
FN:657,(anonymous_19)
FN:717,(anonymous_20)
FN:723,(anonymous_21)
FNF:20
FNH:15
FNDA:7,(anonymous_2)
FNDA:5,(anonymous_3)
FNDA:2,(anonymous_4)
FNDA:1,(anonymous_5)
FNDA:0,(anonymous_6)
FNDA:1,(anonymous_7)
FNDA:1,(anonymous_8)
FNDA:0,(anonymous_9)
FNDA:0,(anonymous_10)
FNDA:1,(anonymous_11)
FNDA:1,(anonymous_12)
FNDA:1,(anonymous_13)
FNDA:1,(anonymous_14)
FNDA:1,(anonymous_15)
FNDA:1,(anonymous_16)
FNDA:0,(anonymous_17)
FNDA:0,(anonymous_18)
FNDA:1,(anonymous_19)
FNDA:2,(anonymous_20)
FNDA:1,(anonymous_21)
DA:1,1
DA:6,1
DA:7,1
DA:8,1
DA:17,1
DA:19,7
DA:20,7
DA:28,5
DA:29,5
DA:40,2
DA:45,2
DA:46,1
DA:50,2
DA:51,0
DA:53,2
DA:54,0
DA:56,2
DA:57,0
DA:59,2
DA:60,0
DA:62,2
DA:63,0
DA:66,2
DA:67,2
DA:70,2
DA:71,2
DA:72,1
DA:73,1
DA:74,0
DA:75,1
DA:76,0
DA:77,1
DA:78,0
DA:80,1
DA:83,2
DA:100,2
DA:102,2
DA:114,0
DA:133,0
DA:134,0
DA:137,0
DA:142,1
DA:145,1
DA:146,0
DA:150,1
DA:153,1
DA:154,0
DA:160,1
DA:161,0
DA:164,0
DA:165,0
DA:168,1
DA:169,0
DA:172,0
DA:173,0
DA:176,1
DA:177,0
DA:180,0
DA:181,0
DA:185,1
DA:186,1
DA:187,1
DA:190,1
DA:191,1
DA:192,1
DA:194,1
DA:195,0
DA:196,0
DA:197,1
DA:198,0
DA:199,0
DA:202,1
DA:203,1
DA:230,1
DA:240,1
DA:243,1
DA:259,1
DA:263,0
DA:266,0
DA:267,0
DA:271,0
DA:272,0
DA:274,0
DA:275,0
DA:278,0
DA:279,0
DA:283,0
DA:284,0
DA:285,0
DA:288,0
DA:289,0
DA:296,0
DA:297,0
DA:300,0
DA:301,0
DA:304,0
DA:305,0
DA:308,0
DA:309,0
DA:312,0
DA:313,0
DA:316,0
DA:317,0
DA:321,0
DA:322,0
DA:324,0
DA:325,0
DA:326,0
DA:327,0
DA:329,0
DA:330,0
DA:331,0
DA:332,0
DA:333,0
DA:334,0
DA:335,0
DA:336,0
DA:337,0
DA:338,0
DA:339,0
DA:341,0
DA:342,0
DA:343,0
DA:344,0
DA:348,0
DA:349,0
DA:376,0
DA:377,0
DA:388,0
DA:391,0
DA:411,0
DA:415,1
DA:418,1
DA:419,0
DA:422,1
DA:423,0
DA:426,1
DA:429,1
DA:430,0
DA:435,1
DA:436,1
DA:437,1
DA:438,1
DA:440,1
DA:441,0
DA:442,0
DA:443,1
DA:444,0
DA:445,0
DA:446,0
DA:449,1
DA:450,1
DA:469,1
DA:479,1
DA:482,1
DA:492,1
DA:496,1
DA:499,1
DA:500,0
DA:503,1
DA:506,1
DA:507,0
DA:512,1
DA:513,1
DA:532,1
DA:533,1
DA:544,1
DA:547,1
DA:557,1
DA:561,1
DA:564,1
DA:565,0
DA:568,1
DA:571,1
DA:572,0
DA:577,1
DA:578,1
DA:597,1
DA:598,1
DA:609,1
DA:612,1
DA:622,1
DA:626,0
DA:629,0
DA:630,0
DA:633,0
DA:635,0
DA:638,0
DA:643,0
DA:658,1
DA:663,1
DA:664,0
DA:667,1
DA:668,0
DA:671,1
DA:672,0
DA:673,0
DA:674,0
DA:676,0
DA:677,0
DA:681,1
DA:690,1
DA:691,1
DA:693,1
DA:695,1
DA:696,3
DA:698,3
DA:699,3
DA:701,3
DA:702,3
DA:704,3
DA:705,3
DA:706,3
DA:707,3
DA:709,3
DA:710,3
DA:711,3
DA:712,3
DA:713,3
DA:716,1
DA:717,2
DA:723,1
DA:725,1
LF:223
LH:116
BRDA:28,0,0,0
BRDA:31,1,0,5
BRDA:31,1,1,0
BRDA:45,2,0,1
BRDA:50,3,0,0
BRDA:53,4,0,0
BRDA:56,5,0,0
BRDA:59,6,0,0
BRDA:62,7,0,0
BRDA:71,8,0,1
BRDA:71,8,1,1
BRDA:73,9,0,0
BRDA:73,9,1,1
BRDA:75,10,0,0
BRDA:75,10,1,1
BRDA:77,11,0,0
BRDA:77,11,1,1
BRDA:133,12,0,0
BRDA:145,13,0,0
BRDA:153,14,0,0
BRDA:160,15,0,0
BRDA:164,16,0,0
BRDA:168,17,0,0
BRDA:172,18,0,0
BRDA:176,19,0,0
BRDA:180,20,0,0
BRDA:185,21,0,1
BRDA:185,21,1,1
BRDA:186,22,0,1
BRDA:186,22,1,1
BRDA:187,23,0,1
BRDA:187,23,1,0
BRDA:194,24,0,0
BRDA:194,24,1,1
BRDA:197,25,0,0
BRDA:208,26,0,1
BRDA:208,26,1,1
BRDA:212,27,0,1
BRDA:212,27,1,1
BRDA:213,28,0,1
BRDA:213,28,1,1
BRDA:266,29,0,0
BRDA:271,30,0,0
BRDA:271,30,1,0
BRDA:272,31,0,0
BRDA:272,31,1,0
BRDA:274,32,0,0
BRDA:274,33,0,0
BRDA:274,33,1,0
BRDA:278,34,0,0
BRDA:284,35,0,0
BRDA:284,36,0,0
BRDA:284,36,1,0
BRDA:288,37,0,0
BRDA:296,38,0,0
BRDA:300,39,0,0
BRDA:304,40,0,0
BRDA:308,41,0,0
BRDA:312,42,0,0
BRDA:316,43,0,0
BRDA:321,44,0,0
BRDA:321,44,1,0
BRDA:321,45,0,0
BRDA:321,45,1,0
BRDA:322,46,0,0
BRDA:322,46,1,0
BRDA:322,47,0,0
BRDA:322,47,1,0
BRDA:329,48,0,0
BRDA:330,49,0,0
BRDA:330,49,1,0
BRDA:335,50,0,0
BRDA:335,50,1,0
BRDA:352,51,0,0
BRDA:352,51,1,0
BRDA:353,52,0,0
BRDA:353,52,1,0
BRDA:354,53,0,0
BRDA:354,53,1,0
BRDA:355,54,0,0
BRDA:355,54,1,0
BRDA:356,55,0,0
BRDA:356,55,1,0
BRDA:357,56,0,0
BRDA:357,56,1,0
BRDA:358,57,0,0
BRDA:358,57,1,0
BRDA:359,58,0,0
BRDA:359,58,1,0
BRDA:360,59,0,0
BRDA:360,59,1,0
BRDA:361,60,0,0
BRDA:361,60,1,0
BRDA:362,61,0,0
BRDA:362,61,1,0
BRDA:363,62,0,0
BRDA:363,62,1,0
BRDA:364,63,0,0
BRDA:364,63,1,0
BRDA:365,64,0,0
BRDA:365,64,1,0
BRDA:376,65,0,0
BRDA:400,66,0,0
BRDA:400,66,1,0
BRDA:406,67,0,0
BRDA:406,67,1,0
BRDA:418,68,0,0
BRDA:422,69,0,0
BRDA:429,70,0,0
BRDA:440,71,0,0
BRDA:440,71,1,1
BRDA:443,72,0,0
BRDA:499,73,0,0
BRDA:506,74,0,0
BRDA:519,75,0,0
BRDA:519,75,1,1
BRDA:532,76,0,1
BRDA:564,77,0,0
BRDA:571,78,0,0
BRDA:597,79,0,1
BRDA:629,80,0,0
BRDA:663,81,0,0
BRDA:667,82,0,0
BRDA:671,83,0,0
BRDA:671,84,0,1
BRDA:671,84,1,1
BRDA:673,85,0,0
BRDA:676,86,0,0
BRDA:696,87,0,0
BRDA:709,88,0,3
BRDA:709,88,1,2
BRF:131
BRH:27
end_of_record
TN:
SF:src\opportunities\dto\change-stage.dto.ts
FNF:0
FNH:0
DA:1,0
DA:2,0
DA:4,0
DA:7,0
LF:4
LH:0
BRF:0
BRH:0
end_of_record
TN:
SF:src\opportunities\dto\create-opportunity.dto.ts
FNF:0
FNH:0
DA:1,0
DA:2,0
DA:4,0
DA:8,0
DA:13,0
DA:18,0
DA:22,0
DA:26,0
DA:30,0
DA:35,0
DA:40,0
DA:45,0
DA:52,0
LF:13
LH:0
BRF:0
BRH:0
end_of_record
TN:
SF:src\opportunities\dto\forecast-query.dto.ts
FNF:0
FNH:0
DA:1,0
DA:2,0
DA:4,0
DA:8,0
DA:13,0
DA:18,0
LF:6
LH:0
BRF:0
BRH:0
end_of_record
TN:
SF:src\opportunities\dto\list-opportunities-query.dto.ts
FN:6,(anonymous_2)
FN:9,(anonymous_3)
FN:16,(anonymous_4)
FNF:3
FNH:0
FNDA:0,(anonymous_2)
FNDA:0,(anonymous_3)
FNDA:0,(anonymous_4)
DA:1,0
DA:2,0
DA:3,0
DA:4,0
DA:6,0
DA:9,0
DA:12,0
DA:16,0
DA:20,0
DA:25,0
DA:30,0
DA:35,0
DA:40,0
DA:45,0
DA:54,0
DA:63,0
LF:16
LH:0
BRF:0
BRH:0
end_of_record
TN:
SF:src\opportunities\dto\mark-lost.dto.ts
FNF:0
FNH:0
DA:1,0
DA:2,0
DA:4,0
DA:8,0
LF:4
LH:0
BRF:0
BRH:0
end_of_record
TN:
SF:src\opportunities\dto\mark-won.dto.ts
FNF:0
FNH:0
DA:1,0
DA:2,0
DA:4,0
DA:8,0
LF:4
LH:0
BRF:0
BRH:0
end_of_record
TN:
SF:src\opportunities\dto\update-opportunity.dto.ts
FNF:0
FNH:0
DA:1,0
DA:2,0
DA:4,0
LF:3
LH:0
BRF:0
BRH:0
end_of_record
TN:
SF:src\pipelines\pipelines.module.ts
FNF:0
FNH:0
DA:1,0
DA:2,0
DA:3,0
DA:4,0
DA:5,0
DA:13,0
LF:6
LH:0
BRF:0
BRH:0
end_of_record
TN:
SF:src\pipelines\pipelines.service.ts
FN:17,(anonymous_2)
FN:26,(anonymous_3)
FN:38,(anonymous_4)
FN:55,(anonymous_5)
FN:70,(anonymous_6)
FN:101,(anonymous_7)
FN:113,(anonymous_8)
FN:148,(anonymous_9)
FN:162,(anonymous_10)
FN:186,(anonymous_11)
FN:232,(anonymous_12)
FN:290,(anonymous_13)
FN:317,(anonymous_14)
FN:324,(anonymous_15)
FN:345,(anonymous_16)
FN:353,(anonymous_17)
FN:358,(anonymous_18)
FN:363,(anonymous_19)
FNF:18
FNH:17
FNDA:12,(anonymous_2)
FNDA:1,(anonymous_3)
FNDA:9,(anonymous_4)
FNDA:2,(anonymous_5)
FNDA:1,(anonymous_6)
FNDA:1,(anonymous_7)
FNDA:1,(anonymous_8)
FNDA:3,(anonymous_9)
FNDA:1,(anonymous_10)
FNDA:1,(anonymous_11)
FNDA:0,(anonymous_12)
FNDA:1,(anonymous_13)
FNDA:1,(anonymous_14)
FNDA:3,(anonymous_15)
FNDA:1,(anonymous_16)
FNDA:2,(anonymous_17)
FNDA:2,(anonymous_18)
FNDA:1,(anonymous_19)
DA:1,1
DA:8,1
DA:9,1
DA:16,1
DA:18,12
DA:19,12
DA:27,1
DA:39,9
DA:48,9
DA:49,1
DA:52,8
DA:57,2
DA:60,2
DA:61,1
DA:64,1
DA:68,1
DA:70,1
DA:71,1
DA:73,1
DA:79,1
DA:89,1
DA:98,1
DA:102,1
DA:104,1
DA:105,0
DA:108,0
DA:109,0
DA:113,1
DA:114,1
DA:115,1
DA:121,1
DA:135,1
DA:145,1
DA:149,3
DA:151,3
DA:152,1
DA:155,2
DA:158,2
DA:159,1
DA:162,1
DA:164,1
DA:167,1
DA:172,1
DA:188,1
DA:190,1
DA:193,1
DA:194,0
DA:199,1
DA:203,1
DA:214,1
DA:229,1
DA:240,0
DA:242,0
DA:245,0
DA:246,0
DA:249,0
DA:250,0
DA:253,0
DA:254,0
DA:260,0
DA:269,0
DA:287,0
DA:291,1
DA:293,1
DA:296,1
DA:297,0
DA:301,1
DA:304,1
DA:305,0
DA:308,1
DA:313,1
DA:314,0
DA:317,1
DA:319,1
DA:324,3
DA:325,1
DA:326,2
DA:327,1
DA:335,1
DA:346,1
DA:348,1
DA:353,2
DA:356,1
DA:358,2
DA:360,0
DA:363,1
DA:364,1
DA:365,2
DA:372,1
DA:381,1
LF:90
LH:71
BRDA:48,0,0,1
BRDA:60,1,0,1
BRDA:68,2,0,1
BRDA:68,2,1,0
BRDA:68,3,0,0
BRDA:68,3,1,0
BRDA:71,4,0,1
BRDA:104,5,0,0
BRDA:104,6,0,1
BRDA:104,6,1,0
BRDA:108,7,0,0
BRDA:114,8,0,1
BRDA:114,9,0,1
BRDA:114,9,1,1
BRDA:124,10,0,1
BRDA:124,10,1,0
BRDA:125,11,0,1
BRDA:125,11,1,1
BRDA:151,12,0,1
BRDA:158,13,0,1
BRDA:193,14,0,0
BRDA:208,15,0,1
BRDA:208,15,1,0
BRDA:209,16,0,1
BRDA:209,16,1,1
BRDA:245,17,0,0
BRDA:249,18,0,0
BRDA:249,19,0,0
BRDA:249,19,1,0
BRDA:253,20,0,0
BRDA:263,21,0,0
BRDA:263,21,1,0
BRDA:264,22,0,0
BRDA:264,22,1,0
BRDA:265,23,0,0
BRDA:265,23,1,0
BRDA:296,24,0,0
BRDA:304,25,0,0
BRDA:313,26,0,0
BRDA:326,27,0,1
BRDA:356,28,0,0
BRDA:357,29,0,1
BRDA:357,29,1,1
BRF:43
BRH:19
end_of_record
TN:
SF:src\pipelines\dto\create-pipeline.dto.ts
FNF:0
FNH:0
DA:1,0
DA:2,0
DA:4,0
DA:8,0
DA:13,0
LF:5
LH:0
BRF:0
BRH:0
end_of_record
TN:
SF:src\pipelines\dto\create-stage.dto.ts
FNF:0
FNH:0
DA:1,0
DA:2,0
DA:3,0
DA:5,0
DA:9,0
DA:16,0
DA:21,0
LF:7
LH:0
BRF:0
BRH:0
end_of_record
TN:
SF:src\pipelines\dto\reorder-stages.dto.ts
FNF:0
FNH:0
DA:1,0
DA:2,0
DA:4,0
DA:9,0
LF:4
LH:0
BRF:0
BRH:0
end_of_record
TN:
SF:src\pipelines\dto\update-pipeline.dto.ts
FNF:0
FNH:0
DA:1,0
DA:2,0
DA:4,0
LF:3
LH:0
BRF:0
BRH:0
end_of_record
TN:
SF:src\pipelines\dto\update-stage.dto.ts
FNF:0
FNH:0
DA:1,0
DA:2,0
DA:4,0
LF:3
LH:0
BRF:0
BRH:0
end_of_record
